2026-04-10 14:48:01,402 - INFO - Log directory: ./libcity/log
2026-04-10 14:48:01,402 - INFO - Begin pipeline, task=traffic_state_pred, model_name=MCSTMamba_optimized, dataset_name=PEMSD4, exp_id=exp001, epoch=0
2026-04-10 14:48:01,402 - INFO - {'task': 'traffic_state_pred', 'model': 'MCSTMamba_optimized', 'dataset': 'PEMSD4', 'saved_model': True, 'train': True, 'exp_id': 'exp001', 'seed': 0, 'dataset_class': 'TrafficStatePointDataset', 'executor': 'TrafficStateExecutorOptimized', 'evaluator': 'TrafficStateEvaluator', 'd_model': 96, 'd_state': 96, 'd_conv': 4, 'expand': 2, 'max_epoch': 300, 'learner': 'adam', 'learning_rate': 0.001, 'lr_decay': True, 'lr_scheduler': 'cosineannealinglr', 'input_window': 12, 'output_window': 12, 'early_stop': True, 'patience': 15, 'weight_decay': 0.0001, 'input_embedding_dim': 24, 'tod_embedding_dim': 24, 'dow_embedding_dim': 24, 'spatial_embedding_dim': 16, 'adaptive_embedding_dim': 80, 'add_time_in_day': True, 'add_day_in_week': True, 'steps_per_day': 288, 'dropout': 0.1, 'batch_size': 300, 'num_workers': 8, 'pin_memory': True, 'bf16': True, 'gpu': True, 'gradient_accumulation_steps': 1, 'clip_grad_norm': True, 'max_grad_norm': 5.0, 'use_optimized_data_loader': True, 'cache_dataset': True, 'pad_with_last_sample': True, 'train_rate': 0.7, 'eval_rate': 0.1, 'scaler': 'none', 'load_external': False, 'normal_external': False, 'ext_scaler': 'none', 'robustness_test': False, 'noise_type': 'gaussian', 'disturb_rate': 0.5, 'noise_mean': [5], 'noise_SD': [10], 'gpu_id': 0, 'train_loss': 'none', 'epoch': 0, 'lr_epsilon': 1e-08, 'lr_beta1': 0.9, 'lr_beta2': 0.999, 'lr_alpha': 0.99, 'lr_momentum': 0, 'lr_decay_ratio': 0.1, 'steps': [10, 30, 50, 80], 'step_size': 10, 'lr_T_max': 30, 'lr_eta_min': 0, 'lr_patience': 5, 'lr_threshold': 0.0001, 'use_early_stop': True, 'log_level': 'INFO', 'log_every': 1, 'load_best_epoch': True, 'hyper_tune': False, 'fp16': True, 'metrics': ['MAE', 'MAPE', 'MSE', 'RMSE', 'masked_MAE', 'masked_MAPE', 'masked_MSE', 'masked_RMSE', 'R2', 'EVAR'], 'evaluator_mode': 'single', 'save_mode': ['csv'], 'geo': {'including_types': ['Point'], 'Point': {}}, 'rel': {'including_types': ['geo'], 'geo': {'cost': 'num'}}, 'dyna': {'including_types': ['state'], 'state': {'entity_id': 'geo_id', 'traffic_flow': 'num', 'traffic_occupancy': 'num', 'traffic_speed': 'num'}}, 'data_col': ['traffic_flow', 'traffic_occupancy', 'traffic_speed'], 'weight_col': 'cost', 'data_files': ['PEMSD4'], 'geo_file': 'PEMSD4', 'rel_file': 'PEMSD4', 'output_dim': 3, 'time_intervals': 300, 'init_weight_inf_or_zero': 'zero', 'set_weight_link_or_dist': 'link', 'calculate_weight_adj': False, 'weight_adj_epsilon': 0.1, 'device': device(type='cuda', index=0)}
2026-04-10 14:48:01,742 - INFO - Loaded file PEMSD4.geo, num_nodes=307
2026-04-10 14:48:01,744 - INFO - set_weight_link_or_dist: link
2026-04-10 14:48:01,744 - INFO - init_weight_inf_or_zero: zero
2026-04-10 14:48:01,745 - INFO - Loaded file PEMSD4.rel, shape=(307, 307)
2026-04-10 14:48:01,745 - INFO - Loading ./libcity/cache/dataset_cache/point_based_PEMSD4_12_12_0.7_0.1_none_300_False_True_True_True.npz
2026-04-10 14:48:11,722 - INFO - train	x: (11878, 12, 307, 3), y: (11878, 12, 307, 3)
2026-04-10 14:48:11,722 - INFO - eval	x: (1697, 12, 307, 3), y: (1697, 12, 307, 3)
2026-04-10 14:48:11,722 - INFO - test	x: (3394, 12, 307, 3), y: (3394, 12, 307, 3)
2026-04-10 14:48:11,722 - INFO - NoneScaler
2026-04-10 14:48:11,722 - INFO - NoneScaler
2026-04-10 14:48:15,333 - INFO - Building simplified MCSTMamba model with just two Mamba blocks
2026-04-10 14:48:15,476 - INFO - Simplified MCSTMamba model configured for device: cuda:0
2026-04-10 14:48:15,838 - INFO - MCSTMamba_optimized(
  (input_proj): Linear(in_features=3, out_features=24, bias=True)
  (tod_embedding): Embedding(288, 24)
  (dow_embedding): Embedding(7, 24)
  (mamba_input_proj): Linear(in_features=168, out_features=96, bias=True)
  (temporal_block): SimpleMambaBlock(
    (layer_norm): LayerNorm((96,), eps=1e-05, elementwise_affine=True)
    (mamba): Mamba(
      (in_proj): Linear(in_features=96, out_features=384, bias=False)
      (conv1d): Conv1d(192, 192, kernel_size=(4,), stride=(1,), padding=(3,), groups=192)
      (act): SiLU()
      (x_proj): Linear(in_features=192, out_features=198, bias=False)
      (dt_proj): Linear(in_features=6, out_features=192, bias=True)
      (out_proj): Linear(in_features=192, out_features=96, bias=False)
    )
    (dropout): Dropout(p=0.1, inplace=False)
    (feed_forward): Sequential(
      (0): Linear(in_features=96, out_features=384, bias=True)
      (1): GELU(approximate='none')
      (2): Dropout(p=0.1, inplace=False)
      (3): Linear(in_features=384, out_features=96, bias=True)
    )
    (ff_norm): LayerNorm((96,), eps=1e-05, elementwise_affine=True)
    (ff_dropout): Dropout(p=0.1, inplace=False)
  )
  (spatial_block): SimpleMambaBlock(
    (layer_norm): LayerNorm((96,), eps=1e-05, elementwise_affine=True)
    (mamba): Mamba(
      (in_proj): Linear(in_features=96, out_features=384, bias=False)
      (conv1d): Conv1d(192, 192, kernel_size=(4,), stride=(1,), padding=(3,), groups=192)
      (act): SiLU()
      (x_proj): Linear(in_features=192, out_features=198, bias=False)
      (dt_proj): Linear(in_features=6, out_features=192, bias=True)
      (out_proj): Linear(in_features=192, out_features=96, bias=False)
    )
    (dropout): Dropout(p=0.1, inplace=False)
    (feed_forward): Sequential(
      (0): Linear(in_features=96, out_features=384, bias=True)
      (1): GELU(approximate='none')
      (2): Dropout(p=0.1, inplace=False)
      (3): Linear(in_features=384, out_features=96, bias=True)
    )
    (ff_norm): LayerNorm((96,), eps=1e-05, elementwise_affine=True)
    (ff_dropout): Dropout(p=0.1, inplace=False)
  )
  (output_proj): Linear(in_features=96, out_features=3, bias=True)
  (final_layer_norm): LayerNorm((96,), eps=1e-05, elementwise_affine=True)
)
2026-04-10 14:48:15,839 - INFO - spatial_embedding	torch.Size([307, 16])	cuda:0	True
2026-04-10 14:48:15,839 - INFO - adaptive_embedding	torch.Size([12, 307, 80])	cuda:0	True
2026-04-10 14:48:15,839 - INFO - combine_weights	torch.Size([2, 96])	cuda:0	True
2026-04-10 14:48:15,839 - INFO - input_proj.weight	torch.Size([24, 3])	cuda:0	True
2026-04-10 14:48:15,839 - INFO - input_proj.bias	torch.Size([24])	cuda:0	True
2026-04-10 14:48:15,839 - INFO - tod_embedding.weight	torch.Size([288, 24])	cuda:0	True
2026-04-10 14:48:15,839 - INFO - dow_embedding.weight	torch.Size([7, 24])	cuda:0	True
2026-04-10 14:48:15,839 - INFO - mamba_input_proj.weight	torch.Size([96, 168])	cuda:0	True
2026-04-10 14:48:15,839 - INFO - mamba_input_proj.bias	torch.Size([96])	cuda:0	True
2026-04-10 14:48:15,839 - INFO - temporal_block.layer_norm.weight	torch.Size([96])	cuda:0	True
2026-04-10 14:48:15,839 - INFO - temporal_block.layer_norm.bias	torch.Size([96])	cuda:0	True
2026-04-10 14:48:15,840 - INFO - temporal_block.mamba.A_log	torch.Size([192, 96])	cuda:0	True
2026-04-10 14:48:15,840 - INFO - temporal_block.mamba.D	torch.Size([192])	cuda:0	True
2026-04-10 14:48:15,840 - INFO - temporal_block.mamba.in_proj.weight	torch.Size([384, 96])	cuda:0	True
2026-04-10 14:48:15,840 - INFO - temporal_block.mamba.conv1d.weight	torch.Size([192, 1, 4])	cuda:0	True
2026-04-10 14:48:15,840 - INFO - temporal_block.mamba.conv1d.bias	torch.Size([192])	cuda:0	True
2026-04-10 14:48:15,840 - INFO - temporal_block.mamba.x_proj.weight	torch.Size([198, 192])	cuda:0	True
2026-04-10 14:48:15,840 - INFO - temporal_block.mamba.dt_proj.weight	torch.Size([192, 6])	cuda:0	True
2026-04-10 14:48:15,840 - INFO - temporal_block.mamba.dt_proj.bias	torch.Size([192])	cuda:0	True
2026-04-10 14:48:15,840 - INFO - temporal_block.mamba.out_proj.weight	torch.Size([96, 192])	cuda:0	True
2026-04-10 14:48:15,840 - INFO - temporal_block.feed_forward.0.weight	torch.Size([384, 96])	cuda:0	True
2026-04-10 14:48:15,840 - INFO - temporal_block.feed_forward.0.bias	torch.Size([384])	cuda:0	True
2026-04-10 14:48:15,840 - INFO - temporal_block.feed_forward.3.weight	torch.Size([96, 384])	cuda:0	True
2026-04-10 14:48:15,840 - INFO - temporal_block.feed_forward.3.bias	torch.Size([96])	cuda:0	True
2026-04-10 14:48:15,840 - INFO - temporal_block.ff_norm.weight	torch.Size([96])	cuda:0	True
2026-04-10 14:48:15,840 - INFO - temporal_block.ff_norm.bias	torch.Size([96])	cuda:0	True
2026-04-10 14:48:15,840 - INFO - spatial_block.layer_norm.weight	torch.Size([96])	cuda:0	True
2026-04-10 14:48:15,840 - INFO - spatial_block.layer_norm.bias	torch.Size([96])	cuda:0	True
2026-04-10 14:48:15,840 - INFO - spatial_block.mamba.A_log	torch.Size([192, 96])	cuda:0	True
2026-04-10 14:48:15,840 - INFO - spatial_block.mamba.D	torch.Size([192])	cuda:0	True
2026-04-10 14:48:15,840 - INFO - spatial_block.mamba.in_proj.weight	torch.Size([384, 96])	cuda:0	True
2026-04-10 14:48:15,841 - INFO - spatial_block.mamba.conv1d.weight	torch.Size([192, 1, 4])	cuda:0	True
2026-04-10 14:48:15,841 - INFO - spatial_block.mamba.conv1d.bias	torch.Size([192])	cuda:0	True
2026-04-10 14:48:15,841 - INFO - spatial_block.mamba.x_proj.weight	torch.Size([198, 192])	cuda:0	True
2026-04-10 14:48:15,841 - INFO - spatial_block.mamba.dt_proj.weight	torch.Size([192, 6])	cuda:0	True
2026-04-10 14:48:15,841 - INFO - spatial_block.mamba.dt_proj.bias	torch.Size([192])	cuda:0	True
2026-04-10 14:48:15,841 - INFO - spatial_block.mamba.out_proj.weight	torch.Size([96, 192])	cuda:0	True
2026-04-10 14:48:15,841 - INFO - spatial_block.feed_forward.0.weight	torch.Size([384, 96])	cuda:0	True
2026-04-10 14:48:15,841 - INFO - spatial_block.feed_forward.0.bias	torch.Size([384])	cuda:0	True
2026-04-10 14:48:15,841 - INFO - spatial_block.feed_forward.3.weight	torch.Size([96, 384])	cuda:0	True
2026-04-10 14:48:15,841 - INFO - spatial_block.feed_forward.3.bias	torch.Size([96])	cuda:0	True
2026-04-10 14:48:15,841 - INFO - spatial_block.ff_norm.weight	torch.Size([96])	cuda:0	True
2026-04-10 14:48:15,841 - INFO - spatial_block.ff_norm.bias	torch.Size([96])	cuda:0	True
2026-04-10 14:48:15,841 - INFO - output_proj.weight	torch.Size([3, 96])	cuda:0	True
2026-04-10 14:48:15,841 - INFO - output_proj.bias	torch.Size([3])	cuda:0	True
2026-04-10 14:48:15,841 - INFO - final_layer_norm.weight	torch.Size([96])	cuda:0	True
2026-04-10 14:48:15,841 - INFO - final_layer_norm.bias	torch.Size([96])	cuda:0	True
2026-04-10 14:48:15,841 - INFO - Total parameter numbers: 701371
2026-04-10 14:48:15,842 - INFO - You select `adam` optimizer.
2026-04-10 14:48:15,842 - INFO - You select `cosineannealinglr` lr_scheduler.
2026-04-10 14:48:15,842 - WARNING - Received none train loss func and will use the loss func defined in the model.
2026-04-10 14:48:15,842 - INFO - Gradient accumulation steps: 1
2026-04-10 14:48:15,842 - INFO - FP16 mixed precision training: True
2026-04-10 14:48:15,842 - INFO - Using torch.cuda.amp.GradScaler for FP16 training
2026-04-10 14:48:15,842 - INFO - Enabled cuDNN benchmark mode
2026-04-10 14:48:15,842 - INFO - Enabled TF32 for faster training on Ampere GPUs
2026-04-10 14:48:15,842 - INFO - Start training ...
2026-04-10 14:48:15,842 - INFO - num_batches:40
2026-04-10 14:50:51,199 - INFO - epoch complete!
2026-04-10 14:50:51,199 - INFO - evaluating now!
2026-04-10 14:51:08,551 - INFO - Epoch [0/300] train_loss: 89.0095, val_loss: 88.6709, lr: 0.000997, 172.71s
2026-04-10 14:51:08,678 - INFO - Saved model at 0
2026-04-10 14:51:08,678 - INFO - Val loss decrease from inf to 88.6709, saving to ./libcity/cache/exp001/model_cache/MCSTMamba_optimized_PEMSD4_epoch0.tar
2026-04-10 14:53:37,887 - INFO - epoch complete!
2026-04-10 14:53:37,887 - INFO - evaluating now!
2026-04-10 14:53:54,184 - INFO - Epoch [1/300] train_loss: 84.9915, val_loss: 84.7773, lr: 0.000989, 165.51s
2026-04-10 14:53:54,204 - INFO - Saved model at 1
2026-04-10 14:53:54,205 - INFO - Val loss decrease from 88.6709 to 84.7773, saving to ./libcity/cache/exp001/model_cache/MCSTMamba_optimized_PEMSD4_epoch1.tar
2026-04-10 14:56:23,691 - INFO - epoch complete!
2026-04-10 14:56:23,692 - INFO - evaluating now!
2026-04-10 14:56:40,098 - INFO - Epoch [2/300] train_loss: 80.9920, val_loss: 80.7255, lr: 0.000976, 165.89s
2026-04-10 14:56:40,156 - INFO - Saved model at 2
2026-04-10 14:56:40,157 - INFO - Val loss decrease from 84.7773 to 80.7255, saving to ./libcity/cache/exp001/model_cache/MCSTMamba_optimized_PEMSD4_epoch2.tar
2026-04-10 14:59:08,788 - INFO - epoch complete!
2026-04-10 14:59:08,789 - INFO - evaluating now!
2026-04-10 14:59:25,153 - INFO - Epoch [3/300] train_loss: 76.8373, val_loss: 76.5717, lr: 0.000957, 165.00s
2026-04-10 14:59:25,185 - INFO - Saved model at 3
2026-04-10 14:59:25,186 - INFO - Val loss decrease from 80.7255 to 76.5717, saving to ./libcity/cache/exp001/model_cache/MCSTMamba_optimized_PEMSD4_epoch3.tar
2026-04-10 15:01:53,315 - INFO - epoch complete!
2026-04-10 15:01:53,315 - INFO - evaluating now!
2026-04-10 15:02:09,498 - INFO - Epoch [4/300] train_loss: 72.7744, val_loss: 72.6979, lr: 0.000933, 164.31s
2026-04-10 15:02:09,527 - INFO - Saved model at 4
2026-04-10 15:02:09,528 - INFO - Val loss decrease from 76.5717 to 72.6979, saving to ./libcity/cache/exp001/model_cache/MCSTMamba_optimized_PEMSD4_epoch4.tar
2026-04-10 15:04:36,849 - INFO - epoch complete!
2026-04-10 15:04:36,849 - INFO - evaluating now!
2026-04-10 15:04:52,947 - INFO - Epoch [5/300] train_loss: 68.7784, val_loss: 68.6736, lr: 0.000905, 163.42s
2026-04-10 15:04:53,070 - INFO - Saved model at 5
2026-04-10 15:04:53,070 - INFO - Val loss decrease from 72.6979 to 68.6736, saving to ./libcity/cache/exp001/model_cache/MCSTMamba_optimized_PEMSD4_epoch5.tar
2026-04-10 15:07:21,023 - INFO - epoch complete!
2026-04-10 15:07:21,023 - INFO - evaluating now!
2026-04-10 15:07:37,524 - INFO - Epoch [6/300] train_loss: 64.4788, val_loss: 64.1749, lr: 0.000872, 164.45s
2026-04-10 15:07:37,557 - INFO - Saved model at 6
2026-04-10 15:07:37,557 - INFO - Val loss decrease from 68.6736 to 64.1749, saving to ./libcity/cache/exp001/model_cache/MCSTMamba_optimized_PEMSD4_epoch6.tar
2026-04-10 15:10:06,041 - INFO - epoch complete!
2026-04-10 15:10:06,042 - INFO - evaluating now!
2026-04-10 15:10:22,523 - INFO - Epoch [7/300] train_loss: 59.7851, val_loss: 59.7046, lr: 0.000835, 164.96s
2026-04-10 15:10:22,553 - INFO - Saved model at 7
2026-04-10 15:10:22,553 - INFO - Val loss decrease from 64.1749 to 59.7046, saving to ./libcity/cache/exp001/model_cache/MCSTMamba_optimized_PEMSD4_epoch7.tar
2026-04-10 15:12:50,915 - INFO - epoch complete!
2026-04-10 15:12:50,915 - INFO - evaluating now!
2026-04-10 15:13:06,986 - INFO - Epoch [8/300] train_loss: 55.9429, val_loss: 56.7586, lr: 0.000794, 164.43s
2026-04-10 15:13:07,110 - INFO - Saved model at 8
2026-04-10 15:13:07,110 - INFO - Val loss decrease from 59.7046 to 56.7586, saving to ./libcity/cache/exp001/model_cache/MCSTMamba_optimized_PEMSD4_epoch8.tar
2026-04-10 15:15:33,700 - INFO - epoch complete!
2026-04-10 15:15:33,701 - INFO - evaluating now!
2026-04-10 15:15:49,821 - INFO - Epoch [9/300] train_loss: 53.6767, val_loss: 55.0286, lr: 0.000750, 162.71s
2026-04-10 15:15:49,838 - INFO - Saved model at 9
2026-04-10 15:15:49,838 - INFO - Val loss decrease from 56.7586 to 55.0286, saving to ./libcity/cache/exp001/model_cache/MCSTMamba_optimized_PEMSD4_epoch9.tar
2026-04-10 15:18:17,640 - INFO - epoch complete!
2026-04-10 15:18:17,649 - INFO - evaluating now!
2026-04-10 15:18:33,837 - INFO - Epoch [10/300] train_loss: 52.2434, val_loss: 53.7480, lr: 0.000703, 164.00s
2026-04-10 15:18:33,855 - INFO - Saved model at 10
2026-04-10 15:18:33,855 - INFO - Val loss decrease from 55.0286 to 53.7480, saving to ./libcity/cache/exp001/model_cache/MCSTMamba_optimized_PEMSD4_epoch10.tar
2026-04-10 15:21:01,584 - INFO - epoch complete!
2026-04-10 15:21:01,584 - INFO - evaluating now!
2026-04-10 15:21:17,518 - INFO - Epoch [11/300] train_loss: 50.8338, val_loss: 52.3175, lr: 0.000655, 163.66s
2026-04-10 15:21:17,535 - INFO - Saved model at 11
2026-04-10 15:21:17,536 - INFO - Val loss decrease from 53.7480 to 52.3175, saving to ./libcity/cache/exp001/model_cache/MCSTMamba_optimized_PEMSD4_epoch11.tar
2026-04-10 15:23:44,052 - INFO - epoch complete!
2026-04-10 15:23:44,052 - INFO - evaluating now!
2026-04-10 15:23:59,906 - INFO - Epoch [12/300] train_loss: 49.4427, val_loss: 50.9580, lr: 0.000604, 162.37s
2026-04-10 15:23:59,923 - INFO - Saved model at 12
2026-04-10 15:23:59,923 - INFO - Val loss decrease from 52.3175 to 50.9580, saving to ./libcity/cache/exp001/model_cache/MCSTMamba_optimized_PEMSD4_epoch12.tar
2026-04-10 15:26:40,990 - INFO - epoch complete!
2026-04-10 15:26:40,990 - INFO - evaluating now!
2026-04-10 15:26:56,840 - INFO - Epoch [13/300] train_loss: 48.1774, val_loss: 49.8231, lr: 0.000552, 176.92s
2026-04-10 15:26:56,859 - INFO - Saved model at 13
2026-04-10 15:26:56,859 - INFO - Val loss decrease from 50.9580 to 49.8231, saving to ./libcity/cache/exp001/model_cache/MCSTMamba_optimized_PEMSD4_epoch13.tar
2026-04-10 15:29:23,212 - INFO - epoch complete!
2026-04-10 15:29:23,212 - INFO - evaluating now!
2026-04-10 15:29:39,272 - INFO - Epoch [14/300] train_loss: 47.1304, val_loss: 48.8141, lr: 0.000500, 162.41s
2026-04-10 15:29:39,290 - INFO - Saved model at 14
2026-04-10 15:29:39,290 - INFO - Val loss decrease from 49.8231 to 48.8141, saving to ./libcity/cache/exp001/model_cache/MCSTMamba_optimized_PEMSD4_epoch14.tar
2026-04-10 15:32:07,674 - INFO - epoch complete!
2026-04-10 15:32:07,674 - INFO - evaluating now!
2026-04-10 15:32:23,873 - INFO - Epoch [15/300] train_loss: 46.1424, val_loss: 47.8807, lr: 0.000448, 164.58s
2026-04-10 15:32:23,891 - INFO - Saved model at 15
2026-04-10 15:32:23,891 - INFO - Val loss decrease from 48.8141 to 47.8807, saving to ./libcity/cache/exp001/model_cache/MCSTMamba_optimized_PEMSD4_epoch15.tar
2026-04-10 15:34:50,301 - INFO - epoch complete!
2026-04-10 15:34:50,301 - INFO - evaluating now!
2026-04-10 15:35:06,582 - INFO - Epoch [16/300] train_loss: 45.3196, val_loss: 47.0120, lr: 0.000396, 162.69s
2026-04-10 15:35:06,599 - INFO - Saved model at 16
2026-04-10 15:35:06,599 - INFO - Val loss decrease from 47.8807 to 47.0120, saving to ./libcity/cache/exp001/model_cache/MCSTMamba_optimized_PEMSD4_epoch16.tar
2026-04-10 15:37:31,486 - INFO - epoch complete!
2026-04-10 15:37:31,487 - INFO - evaluating now!
2026-04-10 15:37:47,239 - INFO - Epoch [17/300] train_loss: 44.4038, val_loss: 46.0774, lr: 0.000345, 160.64s
2026-04-10 15:37:47,255 - INFO - Saved model at 17
2026-04-10 15:37:47,256 - INFO - Val loss decrease from 47.0120 to 46.0774, saving to ./libcity/cache/exp001/model_cache/MCSTMamba_optimized_PEMSD4_epoch17.tar
