2026-04-15 21:42:11,633 - INFO - Log directory: ./libcity/log
2026-04-15 21:42:11,634 - INFO - Begin pipeline, task=traffic_state_pred, model_name=MCSTMamba_optimized, dataset_name=METR_LA, exp_id=MCST_o001, epoch=0
2026-04-15 21:42:11,634 - INFO - {'task': 'traffic_state_pred', 'model': 'MCSTMamba_optimized', 'dataset': 'METR_LA', 'saved_model': True, 'train': True, 'exp_id': 'MCST_o001', 'seed': 0, 'dataset_class': 'TrafficStatePointDataset', 'executor': 'TrafficStateExecutorOptimized', 'evaluator': 'TrafficStateEvaluator', 'd_model': 96, 'd_state': 96, 'd_conv': 4, 'expand': 2, 'max_epoch': 300, 'learner': 'adam', 'learning_rate': 0.001, 'lr_decay': True, 'lr_scheduler': 'cosineannealinglr', 'input_window': 12, 'output_window': 12, 'early_stop': True, 'patience': 15, 'weight_decay': 0.0001, 'input_embedding_dim': 24, 'tod_embedding_dim': 24, 'dow_embedding_dim': 24, 'spatial_embedding_dim': 16, 'adaptive_embedding_dim': 80, 'add_time_in_day': True, 'add_day_in_week': True, 'steps_per_day': 288, 'dropout': 0.1, 'batch_size': 300, 'num_workers': 0, 'pin_memory': False, 'persistent_workers': False, 'bf16': True, 'gpu': True, 'gradient_accumulation_steps': 1, 'clip_grad_norm': True, 'max_grad_norm': 5.0, 'use_optimized_data_loader': True, 'cache_dataset': True, 'pad_with_last_sample': True, 'train_rate': 0.7, 'eval_rate': 0.1, 'scaler': 'none', 'load_external': False, 'normal_external': False, 'ext_scaler': 'none', 'robustness_test': False, 'noise_type': 'gaussian', 'disturb_rate': 0.5, 'noise_mean': [5], 'noise_SD': [10], 'gpu_id': 0, 'train_loss': 'none', 'epoch': 0, 'lr_epsilon': 1e-08, 'lr_beta1': 0.9, 'lr_beta2': 0.999, 'lr_alpha': 0.99, 'lr_momentum': 0, 'lr_decay_ratio': 0.1, 'steps': [10, 30, 50, 80], 'step_size': 10, 'lr_T_max': 30, 'lr_eta_min': 0, 'lr_patience': 5, 'lr_threshold': 0.0001, 'use_early_stop': True, 'log_level': 'INFO', 'log_every': 1, 'load_best_epoch': True, 'hyper_tune': False, 'fp16': True, 'metrics': ['MAE', 'MAPE', 'MSE', 'RMSE', 'masked_MAE', 'masked_MAPE', 'masked_MSE', 'masked_RMSE', 'R2', 'EVAR'], 'evaluator_mode': 'single', 'save_mode': ['csv'], 'geo': {'including_types': ['Point'], 'Point': {}}, 'rel': {'including_types': ['geo'], 'geo': {'cost': 'num'}}, 'dyna': {'including_types': ['state'], 'state': {'entity_id': 'geo_id', 'traffic_speed': 'num'}}, 'data_col': ['traffic_speed'], 'weight_col': 'cost', 'data_files': ['METR_LA'], 'geo_file': 'METR_LA', 'rel_file': 'METR_LA', 'output_dim': 1, 'time_intervals': 300, 'init_weight_inf_or_zero': 'inf', 'set_weight_link_or_dist': 'dist', 'calculate_weight_adj': True, 'weight_adj_epsilon': 0.1, 'device': device(type='cuda', index=0)}
2026-04-15 21:42:11,979 - INFO - Loaded file METR_LA.geo, num_nodes=207
2026-04-15 21:42:11,985 - INFO - set_weight_link_or_dist: dist
2026-04-15 21:42:11,986 - INFO - init_weight_inf_or_zero: inf
2026-04-15 21:42:12,000 - INFO - Loaded file METR_LA.rel, shape=(207, 207)
2026-04-15 21:42:12,000 - INFO - Start Calculate the weight by Gauss kernel!
2026-04-15 21:42:12,001 - INFO - Loading file METR_LA.dyna
2026-04-15 21:42:16,195 - INFO - Loaded file METR_LA.dyna, shape=(34272, 207, 1)
2026-04-15 21:42:18,119 - INFO - Dataset created
2026-04-15 21:42:18,119 - INFO - x shape: (34249, 12, 207, 1), y shape: (34249, 12, 207, 1)
2026-04-15 21:42:18,124 - INFO - train	x: (23974, 12, 207, 1), y: (23974, 12, 207, 1)
2026-04-15 21:42:18,124 - INFO - eval	x: (3425, 12, 207, 1), y: (3425, 12, 207, 1)
2026-04-15 21:42:18,124 - INFO - test	x: (6850, 12, 207, 1), y: (6850, 12, 207, 1)
2026-04-15 21:42:34,180 - INFO - Saved at ./libcity/cache/dataset_cache/point_based_METR_LA_12_12_0.7_0.1_none_300_False_True_True_True.npz
2026-04-15 21:42:34,180 - INFO - NoneScaler
2026-04-15 21:42:34,180 - INFO - NoneScaler
2026-04-15 21:42:37,262 - INFO - Building simplified MCSTMamba model with just two Mamba blocks
2026-04-15 21:42:37,404 - INFO - Simplified MCSTMamba model configured for device: cuda:0
2026-04-15 21:42:37,792 - INFO - MCSTMamba_optimized(
  (input_proj): Linear(in_features=1, out_features=24, bias=True)
  (tod_embedding): Embedding(288, 24)
  (dow_embedding): Embedding(7, 24)
  (mamba_input_proj): Linear(in_features=168, out_features=96, bias=True)
  (temporal_block): SimpleMambaBlock(
    (layer_norm): LayerNorm((96,), eps=1e-05, elementwise_affine=True)
    (mamba): Mamba(
      (in_proj): Linear(in_features=96, out_features=384, bias=False)
      (conv1d): Conv1d(192, 192, kernel_size=(4,), stride=(1,), padding=(3,), groups=192)
      (act): SiLU()
      (x_proj): Linear(in_features=192, out_features=198, bias=False)
      (dt_proj): Linear(in_features=6, out_features=192, bias=True)
      (out_proj): Linear(in_features=192, out_features=96, bias=False)
    )
    (dropout): Dropout(p=0.1, inplace=False)
    (feed_forward): Sequential(
      (0): Linear(in_features=96, out_features=384, bias=True)
      (1): GELU(approximate='none')
      (2): Dropout(p=0.1, inplace=False)
      (3): Linear(in_features=384, out_features=96, bias=True)
    )
    (ff_norm): LayerNorm((96,), eps=1e-05, elementwise_affine=True)
    (ff_dropout): Dropout(p=0.1, inplace=False)
  )
  (spatial_block): SimpleMambaBlock(
    (layer_norm): LayerNorm((96,), eps=1e-05, elementwise_affine=True)
    (mamba): Mamba(
      (in_proj): Linear(in_features=96, out_features=384, bias=False)
      (conv1d): Conv1d(192, 192, kernel_size=(4,), stride=(1,), padding=(3,), groups=192)
      (act): SiLU()
      (x_proj): Linear(in_features=192, out_features=198, bias=False)
      (dt_proj): Linear(in_features=6, out_features=192, bias=True)
      (out_proj): Linear(in_features=192, out_features=96, bias=False)
    )
    (dropout): Dropout(p=0.1, inplace=False)
    (feed_forward): Sequential(
      (0): Linear(in_features=96, out_features=384, bias=True)
      (1): GELU(approximate='none')
      (2): Dropout(p=0.1, inplace=False)
      (3): Linear(in_features=384, out_features=96, bias=True)
    )
    (ff_norm): LayerNorm((96,), eps=1e-05, elementwise_affine=True)
    (ff_dropout): Dropout(p=0.1, inplace=False)
  )
  (output_proj): Linear(in_features=96, out_features=1, bias=True)
  (final_layer_norm): LayerNorm((96,), eps=1e-05, elementwise_affine=True)
)
2026-04-15 21:42:37,792 - INFO - spatial_embedding	torch.Size([207, 16])	cuda:0	True
2026-04-15 21:42:37,793 - INFO - adaptive_embedding	torch.Size([12, 207, 80])	cuda:0	True
2026-04-15 21:42:37,793 - INFO - combine_weights	torch.Size([2, 96])	cuda:0	True
2026-04-15 21:42:37,793 - INFO - input_proj.weight	torch.Size([24, 1])	cuda:0	True
2026-04-15 21:42:37,793 - INFO - input_proj.bias	torch.Size([24])	cuda:0	True
2026-04-15 21:42:37,793 - INFO - tod_embedding.weight	torch.Size([288, 24])	cuda:0	True
2026-04-15 21:42:37,793 - INFO - dow_embedding.weight	torch.Size([7, 24])	cuda:0	True
2026-04-15 21:42:37,793 - INFO - mamba_input_proj.weight	torch.Size([96, 168])	cuda:0	True
2026-04-15 21:42:37,793 - INFO - mamba_input_proj.bias	torch.Size([96])	cuda:0	True
2026-04-15 21:42:37,793 - INFO - temporal_block.layer_norm.weight	torch.Size([96])	cuda:0	True
2026-04-15 21:42:37,793 - INFO - temporal_block.layer_norm.bias	torch.Size([96])	cuda:0	True
2026-04-15 21:42:37,793 - INFO - temporal_block.mamba.A_log	torch.Size([192, 96])	cuda:0	True
2026-04-15 21:42:37,793 - INFO - temporal_block.mamba.D	torch.Size([192])	cuda:0	True
2026-04-15 21:42:37,793 - INFO - temporal_block.mamba.in_proj.weight	torch.Size([384, 96])	cuda:0	True
2026-04-15 21:42:37,793 - INFO - temporal_block.mamba.conv1d.weight	torch.Size([192, 1, 4])	cuda:0	True
2026-04-15 21:42:37,793 - INFO - temporal_block.mamba.conv1d.bias	torch.Size([192])	cuda:0	True
2026-04-15 21:42:37,793 - INFO - temporal_block.mamba.x_proj.weight	torch.Size([198, 192])	cuda:0	True
2026-04-15 21:42:37,793 - INFO - temporal_block.mamba.dt_proj.weight	torch.Size([192, 6])	cuda:0	True
2026-04-15 21:42:37,793 - INFO - temporal_block.mamba.dt_proj.bias	torch.Size([192])	cuda:0	True
2026-04-15 21:42:37,793 - INFO - temporal_block.mamba.out_proj.weight	torch.Size([96, 192])	cuda:0	True
2026-04-15 21:42:37,793 - INFO - temporal_block.feed_forward.0.weight	torch.Size([384, 96])	cuda:0	True
2026-04-15 21:42:37,793 - INFO - temporal_block.feed_forward.0.bias	torch.Size([384])	cuda:0	True
2026-04-15 21:42:37,793 - INFO - temporal_block.feed_forward.3.weight	torch.Size([96, 384])	cuda:0	True
2026-04-15 21:42:37,793 - INFO - temporal_block.feed_forward.3.bias	torch.Size([96])	cuda:0	True
2026-04-15 21:42:37,793 - INFO - temporal_block.ff_norm.weight	torch.Size([96])	cuda:0	True
2026-04-15 21:42:37,793 - INFO - temporal_block.ff_norm.bias	torch.Size([96])	cuda:0	True
2026-04-15 21:42:37,793 - INFO - spatial_block.layer_norm.weight	torch.Size([96])	cuda:0	True
2026-04-15 21:42:37,793 - INFO - spatial_block.layer_norm.bias	torch.Size([96])	cuda:0	True
2026-04-15 21:42:37,794 - INFO - spatial_block.mamba.A_log	torch.Size([192, 96])	cuda:0	True
2026-04-15 21:42:37,794 - INFO - spatial_block.mamba.D	torch.Size([192])	cuda:0	True
2026-04-15 21:42:37,794 - INFO - spatial_block.mamba.in_proj.weight	torch.Size([384, 96])	cuda:0	True
2026-04-15 21:42:37,794 - INFO - spatial_block.mamba.conv1d.weight	torch.Size([192, 1, 4])	cuda:0	True
2026-04-15 21:42:37,794 - INFO - spatial_block.mamba.conv1d.bias	torch.Size([192])	cuda:0	True
2026-04-15 21:42:37,794 - INFO - spatial_block.mamba.x_proj.weight	torch.Size([198, 192])	cuda:0	True
2026-04-15 21:42:37,794 - INFO - spatial_block.mamba.dt_proj.weight	torch.Size([192, 6])	cuda:0	True
2026-04-15 21:42:37,794 - INFO - spatial_block.mamba.dt_proj.bias	torch.Size([192])	cuda:0	True
2026-04-15 21:42:37,794 - INFO - spatial_block.mamba.out_proj.weight	torch.Size([96, 192])	cuda:0	True
2026-04-15 21:42:37,794 - INFO - spatial_block.feed_forward.0.weight	torch.Size([384, 96])	cuda:0	True
2026-04-15 21:42:37,794 - INFO - spatial_block.feed_forward.0.bias	torch.Size([384])	cuda:0	True
2026-04-15 21:42:37,794 - INFO - spatial_block.feed_forward.3.weight	torch.Size([96, 384])	cuda:0	True
2026-04-15 21:42:37,794 - INFO - spatial_block.feed_forward.3.bias	torch.Size([96])	cuda:0	True
2026-04-15 21:42:37,794 - INFO - spatial_block.ff_norm.weight	torch.Size([96])	cuda:0	True
2026-04-15 21:42:37,794 - INFO - spatial_block.ff_norm.bias	torch.Size([96])	cuda:0	True
2026-04-15 21:42:37,794 - INFO - output_proj.weight	torch.Size([1, 96])	cuda:0	True
2026-04-15 21:42:37,794 - INFO - output_proj.bias	torch.Size([1])	cuda:0	True
2026-04-15 21:42:37,794 - INFO - final_layer_norm.weight	torch.Size([96])	cuda:0	True
2026-04-15 21:42:37,794 - INFO - final_layer_norm.bias	torch.Size([96])	cuda:0	True
2026-04-15 21:42:37,794 - INFO - Total parameter numbers: 603529
2026-04-15 21:42:37,794 - INFO - You select `adam` optimizer.
2026-04-15 21:42:37,795 - INFO - You select `cosineannealinglr` lr_scheduler.
2026-04-15 21:42:37,795 - WARNING - Received none train loss func and will use the loss func defined in the model.
2026-04-15 21:42:37,795 - INFO - Gradient accumulation steps: 1
2026-04-15 21:42:37,795 - INFO - FP16 mixed precision training: True
2026-04-15 21:42:37,795 - INFO - Using torch.cuda.amp.GradScaler for FP16 training
2026-04-15 21:42:37,795 - INFO - Enabled cuDNN benchmark mode
2026-04-15 21:42:37,795 - INFO - Enabled TF32 for faster training on Ampere GPUs
2026-04-15 21:42:37,795 - INFO - Executor 已初始化 GPU 数据预加载功能（PEMSD4 专用）
2026-04-15 21:42:37,795 - INFO - Start training ...
2026-04-15 21:42:37,795 - INFO - num_batches:80
2026-04-15 21:42:37,795 - INFO - 数据集较小，正在预加载 train 数据到 GPU 显存...
2026-04-15 21:42:50,031 - INFO -   已预加载 10 batches...
2026-04-15 21:43:02,166 - INFO -   已预加载 20 batches...
2026-04-15 21:43:14,282 - INFO -   已预加载 30 batches...
2026-04-15 21:43:26,534 - INFO -   已预加载 40 batches...
2026-04-15 21:43:38,703 - INFO -   已预加载 50 batches...
2026-04-15 21:43:50,732 - INFO -   已预加载 60 batches...
2026-04-15 21:44:02,762 - INFO -   已预加载 70 batches...
2026-04-15 21:44:14,792 - INFO -   已预加载 80 batches...
2026-04-15 21:44:14,794 - INFO - 预加载完成: 80 batches (97.00s)
2026-04-15 21:45:29,093 - INFO - epoch complete!
2026-04-15 21:45:29,093 - INFO - evaluating now!
2026-04-15 21:45:29,094 - INFO - 数据集较小，正在预加载 valid 数据到 GPU 显存...
2026-04-15 21:45:41,261 - INFO -   已预加载 10 batches...
2026-04-15 21:45:43,697 - INFO - 预加载完成: 12 batches (14.60s)
2026-04-15 21:45:45,378 - INFO - Epoch [0/300] train_loss: 50.7457, val_loss: 45.1680, lr: 0.000997, 187.58s
2026-04-15 21:45:45,395 - INFO - Saved model at 0
2026-04-15 21:45:45,395 - INFO - Val loss decrease from inf to 45.1680, saving to ./libcity/cache/MCST_o001/model_cache/MCSTMamba_optimized_METR_LA_epoch0.tar
2026-04-15 21:46:54,729 - INFO - epoch complete!
2026-04-15 21:46:54,729 - INFO - evaluating now!
2026-04-15 21:46:56,410 - INFO - Epoch [1/300] train_loss: 38.5034, val_loss: 32.1360, lr: 0.000989, 71.01s
2026-04-15 21:46:56,426 - INFO - Saved model at 1
2026-04-15 21:46:56,426 - INFO - Val loss decrease from 45.1680 to 32.1360, saving to ./libcity/cache/MCST_o001/model_cache/MCSTMamba_optimized_METR_LA_epoch1.tar
2026-04-15 21:48:05,756 - INFO - epoch complete!
2026-04-15 21:48:05,757 - INFO - evaluating now!
2026-04-15 21:48:07,437 - INFO - Epoch [2/300] train_loss: 24.6087, val_loss: 17.6104, lr: 0.000976, 71.01s
2026-04-15 21:48:07,454 - INFO - Saved model at 2
2026-04-15 21:48:07,454 - INFO - Val loss decrease from 32.1360 to 17.6104, saving to ./libcity/cache/MCST_o001/model_cache/MCSTMamba_optimized_METR_LA_epoch2.tar
2026-04-15 21:49:16,822 - INFO - epoch complete!
2026-04-15 21:49:16,823 - INFO - evaluating now!
2026-04-15 21:49:18,507 - INFO - Epoch [3/300] train_loss: 10.9246, val_loss: 5.9336, lr: 0.000957, 71.05s
2026-04-15 21:49:18,523 - INFO - Saved model at 3
2026-04-15 21:49:18,524 - INFO - Val loss decrease from 17.6104 to 5.9336, saving to ./libcity/cache/MCST_o001/model_cache/MCSTMamba_optimized_METR_LA_epoch3.tar
2026-04-15 21:50:27,859 - INFO - epoch complete!
2026-04-15 21:50:27,860 - INFO - evaluating now!
2026-04-15 21:50:29,541 - INFO - Epoch [4/300] train_loss: 5.3889, val_loss: 4.5996, lr: 0.000933, 71.02s
2026-04-15 21:50:29,558 - INFO - Saved model at 4
2026-04-15 21:50:29,558 - INFO - Val loss decrease from 5.9336 to 4.5996, saving to ./libcity/cache/MCST_o001/model_cache/MCSTMamba_optimized_METR_LA_epoch4.tar
2026-04-15 21:51:38,898 - INFO - epoch complete!
2026-04-15 21:51:38,898 - INFO - evaluating now!
2026-04-15 21:51:40,580 - INFO - Epoch [5/300] train_loss: 4.8931, val_loss: 4.5487, lr: 0.000905, 71.02s
2026-04-15 21:51:40,597 - INFO - Saved model at 5
2026-04-15 21:51:40,597 - INFO - Val loss decrease from 4.5996 to 4.5487, saving to ./libcity/cache/MCST_o001/model_cache/MCSTMamba_optimized_METR_LA_epoch5.tar
2026-04-15 21:52:49,945 - INFO - epoch complete!
2026-04-15 21:52:49,946 - INFO - evaluating now!
2026-04-15 21:52:51,629 - INFO - Epoch [6/300] train_loss: 4.8132, val_loss: 4.5229, lr: 0.000872, 71.03s
2026-04-15 21:52:51,645 - INFO - Saved model at 6
2026-04-15 21:52:51,645 - INFO - Val loss decrease from 4.5487 to 4.5229, saving to ./libcity/cache/MCST_o001/model_cache/MCSTMamba_optimized_METR_LA_epoch6.tar
2026-04-15 21:54:00,985 - INFO - epoch complete!
2026-04-15 21:54:00,985 - INFO - evaluating now!
2026-04-15 21:54:02,672 - INFO - Epoch [7/300] train_loss: 4.7644, val_loss: 4.5281, lr: 0.000835, 71.03s
2026-04-15 21:55:12,000 - INFO - epoch complete!
2026-04-15 21:55:12,001 - INFO - evaluating now!
2026-04-15 21:55:13,682 - INFO - Epoch [8/300] train_loss: 4.7093, val_loss: 4.4719, lr: 0.000794, 71.01s
2026-04-15 21:55:13,699 - INFO - Saved model at 8
2026-04-15 21:55:13,699 - INFO - Val loss decrease from 4.5229 to 4.4719, saving to ./libcity/cache/MCST_o001/model_cache/MCSTMamba_optimized_METR_LA_epoch8.tar
2026-04-15 21:56:23,038 - INFO - epoch complete!
2026-04-15 21:56:23,038 - INFO - evaluating now!
2026-04-15 21:56:24,720 - INFO - Epoch [9/300] train_loss: 4.7039, val_loss: 4.7179, lr: 0.000750, 71.02s
2026-04-15 21:57:34,077 - INFO - epoch complete!
2026-04-15 21:57:34,077 - INFO - evaluating now!
2026-04-15 21:57:35,759 - INFO - Epoch [10/300] train_loss: 4.7508, val_loss: 5.0306, lr: 0.000703, 71.04s
2026-04-15 21:58:45,140 - INFO - epoch complete!
2026-04-15 21:58:45,141 - INFO - evaluating now!
2026-04-15 21:58:46,824 - INFO - Epoch [11/300] train_loss: 4.7362, val_loss: 4.4174, lr: 0.000655, 71.06s
2026-04-15 21:58:46,840 - INFO - Saved model at 11
2026-04-15 21:58:46,841 - INFO - Val loss decrease from 4.4719 to 4.4174, saving to ./libcity/cache/MCST_o001/model_cache/MCSTMamba_optimized_METR_LA_epoch11.tar
2026-04-15 21:59:56,229 - INFO - epoch complete!
2026-04-15 21:59:56,229 - INFO - evaluating now!
2026-04-15 21:59:57,913 - INFO - Epoch [12/300] train_loss: 4.7118, val_loss: 4.4032, lr: 0.000604, 71.07s
2026-04-15 21:59:57,930 - INFO - Saved model at 12
2026-04-15 21:59:57,930 - INFO - Val loss decrease from 4.4174 to 4.4032, saving to ./libcity/cache/MCST_o001/model_cache/MCSTMamba_optimized_METR_LA_epoch12.tar
2026-04-15 22:01:07,310 - INFO - epoch complete!
2026-04-15 22:01:07,310 - INFO - evaluating now!
2026-04-15 22:01:08,992 - INFO - Epoch [13/300] train_loss: 4.6835, val_loss: 4.5113, lr: 0.000552, 71.06s
2026-04-15 22:02:18,383 - INFO - epoch complete!
2026-04-15 22:02:18,383 - INFO - evaluating now!
2026-04-15 22:02:20,066 - INFO - Epoch [14/300] train_loss: 4.7276, val_loss: 4.5753, lr: 0.000500, 71.07s
2026-04-15 22:03:29,441 - INFO - epoch complete!
2026-04-15 22:03:29,441 - INFO - evaluating now!
2026-04-15 22:03:31,123 - INFO - Epoch [15/300] train_loss: 4.6784, val_loss: 4.4507, lr: 0.000448, 71.06s
2026-04-15 22:04:40,488 - INFO - epoch complete!
2026-04-15 22:04:40,489 - INFO - evaluating now!
2026-04-15 22:04:42,174 - INFO - Epoch [16/300] train_loss: 4.6777, val_loss: 4.4123, lr: 0.000396, 71.05s
2026-04-15 22:05:51,529 - INFO - epoch complete!
2026-04-15 22:05:51,529 - INFO - evaluating now!
2026-04-15 22:05:53,214 - INFO - Epoch [17/300] train_loss: 4.6489, val_loss: 4.4331, lr: 0.000345, 71.04s
2026-04-15 22:07:02,577 - INFO - epoch complete!
2026-04-15 22:07:02,577 - INFO - evaluating now!
2026-04-15 22:07:04,260 - INFO - Epoch [18/300] train_loss: 4.6411, val_loss: 4.4044, lr: 0.000297, 71.05s
2026-04-15 22:08:13,621 - INFO - epoch complete!
2026-04-15 22:08:13,621 - INFO - evaluating now!
2026-04-15 22:08:15,303 - INFO - Epoch [19/300] train_loss: 4.6346, val_loss: 4.4911, lr: 0.000250, 71.04s
2026-04-15 22:09:24,666 - INFO - epoch complete!
2026-04-15 22:09:24,666 - INFO - evaluating now!
2026-04-15 22:09:26,348 - INFO - Epoch [20/300] train_loss: 4.6244, val_loss: 4.4966, lr: 0.000206, 71.04s
2026-04-15 22:10:35,703 - INFO - epoch complete!
2026-04-15 22:10:35,703 - INFO - evaluating now!
2026-04-15 22:10:37,385 - INFO - Epoch [21/300] train_loss: 4.6219, val_loss: 4.5169, lr: 0.000165, 71.04s
2026-04-15 22:11:46,741 - INFO - epoch complete!
2026-04-15 22:11:46,741 - INFO - evaluating now!
2026-04-15 22:11:48,426 - INFO - Epoch [22/300] train_loss: 4.6166, val_loss: 4.4900, lr: 0.000128, 71.04s
2026-04-15 22:12:57,802 - INFO - epoch complete!
2026-04-15 22:12:57,803 - INFO - evaluating now!
2026-04-15 22:12:59,488 - INFO - Epoch [23/300] train_loss: 4.6150, val_loss: 4.4296, lr: 0.000095, 71.06s
2026-04-15 22:14:08,849 - INFO - epoch complete!
2026-04-15 22:14:08,849 - INFO - evaluating now!
2026-04-15 22:14:10,531 - INFO - Epoch [24/300] train_loss: 4.6100, val_loss: 4.4344, lr: 0.000067, 71.04s
2026-04-15 22:15:19,885 - INFO - epoch complete!
2026-04-15 22:15:19,886 - INFO - evaluating now!
2026-04-15 22:15:21,567 - INFO - Epoch [25/300] train_loss: 4.6072, val_loss: 4.4660, lr: 0.000043, 71.04s
2026-04-15 22:16:30,905 - INFO - epoch complete!
2026-04-15 22:16:30,905 - INFO - evaluating now!
2026-04-15 22:16:32,588 - INFO - Epoch [26/300] train_loss: 4.6050, val_loss: 4.4734, lr: 0.000024, 71.02s
2026-04-15 22:17:41,933 - INFO - epoch complete!
2026-04-15 22:17:41,934 - INFO - evaluating now!
2026-04-15 22:17:43,615 - INFO - Epoch [27/300] train_loss: 4.6038, val_loss: 4.4172, lr: 0.000011, 71.03s
2026-04-15 22:17:43,616 - WARNING - Early stopping at epoch: 27
2026-04-15 22:17:43,616 - INFO - Trained totally 28 epochs, average train time is 72.997s, average eval time is 2.204s
2026-04-15 22:17:43,616 - INFO - Training ended. Best epoch: 12, min val loss: 4.4032
2026-04-15 22:17:43,632 - INFO - 已恢复梯度缩放器状态
2026-04-15 22:17:43,632 - INFO - 已恢复学习率调度器状态 (当前学习率: 0.000604)
2026-04-15 22:17:43,632 - INFO - 已恢复最佳epoch记录: 12
2026-04-15 22:17:43,632 - INFO - 已恢复最小验证损失: 4.4032
2026-04-15 22:17:43,632 - INFO - 已恢复early stopping等待计数: 0
2026-04-15 22:17:43,632 - INFO - Loaded model at 12
2026-04-15 22:17:43,632 - INFO - Saved model at ./libcity/cache/MCST_o001/model_cache/MCSTMamba_optimized_METR_LA.m
2026-04-15 22:17:43,648 - INFO - Start evaluating ...
2026-04-15 22:17:45,320 - INFO - Saved visualizations for batch 0
2026-04-15 22:18:02,079 - INFO - Saved visualizations for batch 10
2026-04-15 22:18:18,871 - INFO - Saved visualizations for batch 20
2026-04-15 22:18:26,874 - INFO - Saved predictions to ./libcity/cache/MCST_o001/evaluate_cache/2026_04_15_22_18_22_MCSTMamba_optimized_METR_LA_predictions.npz
2026-04-15 22:18:26,875 - ERROR - Failed to calculate or save evaluation metrics: Could not infer dtype of numpy.float32
2026-04-15 22:18:26,876 - INFO - Copied log file to cache: ./libcity/cache/MCST_o001/logs/MCST_o001-MCSTMamba_optimized-METR_LA-Apr-15-2026_21-42-11.log
2026-04-15 22:18:26,876 - INFO - Created training summary: ./libcity/cache/MCST_o001/logs/training_summary.txt
2026-04-15 22:18:27,506 - INFO - Generated visualization: ./libcity/cache/MCST_o001/logs/loss_curve.png
2026-04-15 22:18:27,506 - INFO - Generated visualization: ./libcity/cache/MCST_o001/logs/loss_curve_log_scale.png
