2026-04-15 20:47:04,296 - INFO - Log directory: ./libcity/log
2026-04-15 20:47:04,296 - INFO - Begin pipeline, task=traffic_state_pred, model_name=MCSTMamba, dataset_name=METR_LA, exp_id=MCST001, epoch=0
2026-04-15 20:47:04,296 - INFO - {'task': 'traffic_state_pred', 'model': 'MCSTMamba', 'dataset': 'METR_LA', 'saved_model': True, 'train': True, 'exp_id': 'MCST001', 'seed': 0, 'dataset_class': 'TrafficStatePointDataset', 'executor': 'TrafficStateExecutorOptimized', 'evaluator': 'TrafficStateEvaluator', 'd_model': 96, 'd_state': 96, 'd_conv': 4, 'expand': 2, 'max_epoch': 300, 'learner': 'adam', 'learning_rate': 0.001, 'lr_decay': True, 'lr_scheduler': 'cosineannealinglr', 'input_window': 12, 'output_window': 12, 'early_stop': True, 'patience': 15, 'weight_decay': 0.0001, 'input_embedding_dim': 24, 'tod_embedding_dim': 24, 'dow_embedding_dim': 24, 'spatial_embedding_dim': 16, 'adaptive_embedding_dim': 80, 'add_time_in_day': True, 'add_day_in_week': True, 'steps_per_day': 288, 'dropout': 0.1, 'batch_size': 128, 'num_workers': 8, 'pin_memory': True, 'fp16': True, 'gpu': True, 'cache_dataset': True, 'pad_with_last_sample': True, 'train_rate': 0.7, 'eval_rate': 0.1, 'scaler': 'none', 'load_external': False, 'normal_external': False, 'ext_scaler': 'none', 'robustness_test': False, 'noise_type': 'gaussian', 'disturb_rate': 0.5, 'noise_mean': [5], 'noise_SD': [10], 'gpu_id': 0, 'train_loss': 'none', 'epoch': 0, 'lr_epsilon': 1e-08, 'lr_beta1': 0.9, 'lr_beta2': 0.999, 'lr_alpha': 0.99, 'lr_momentum': 0, 'lr_decay_ratio': 0.1, 'steps': [10, 30, 50, 80], 'step_size': 10, 'lr_T_max': 30, 'lr_eta_min': 0, 'lr_patience': 5, 'lr_threshold': 0.0001, 'clip_grad_norm': True, 'max_grad_norm': 5.0, 'use_early_stop': True, 'log_level': 'INFO', 'log_every': 1, 'load_best_epoch': True, 'hyper_tune': False, 'gradient_accumulation_steps': 2, 'metrics': ['MAE', 'MAPE', 'MSE', 'RMSE', 'masked_MAE', 'masked_MAPE', 'masked_MSE', 'masked_RMSE', 'R2', 'EVAR'], 'evaluator_mode': 'single', 'save_mode': ['csv'], 'geo': {'including_types': ['Point'], 'Point': {}}, 'rel': {'including_types': ['geo'], 'geo': {'cost': 'num'}}, 'dyna': {'including_types': ['state'], 'state': {'entity_id': 'geo_id', 'traffic_speed': 'num'}}, 'data_col': ['traffic_speed'], 'weight_col': 'cost', 'data_files': ['METR_LA'], 'geo_file': 'METR_LA', 'rel_file': 'METR_LA', 'output_dim': 1, 'time_intervals': 300, 'init_weight_inf_or_zero': 'inf', 'set_weight_link_or_dist': 'dist', 'calculate_weight_adj': True, 'weight_adj_epsilon': 0.1, 'device': device(type='cuda', index=0)}
2026-04-15 20:47:04,653 - INFO - Loaded file METR_LA.geo, num_nodes=207
2026-04-15 20:47:04,659 - INFO - set_weight_link_or_dist: dist
2026-04-15 20:47:04,659 - INFO - init_weight_inf_or_zero: inf
2026-04-15 20:47:04,674 - INFO - Loaded file METR_LA.rel, shape=(207, 207)
2026-04-15 20:47:04,674 - INFO - Start Calculate the weight by Gauss kernel!
2026-04-15 20:47:04,675 - INFO - Loading file METR_LA.dyna
2026-04-15 20:47:09,049 - INFO - Loaded file METR_LA.dyna, shape=(34272, 207, 1)
2026-04-15 20:47:11,045 - INFO - Dataset created
2026-04-15 20:47:11,045 - INFO - x shape: (34249, 12, 207, 1), y shape: (34249, 12, 207, 1)
2026-04-15 20:47:11,050 - INFO - train	x: (23974, 12, 207, 1), y: (23974, 12, 207, 1)
2026-04-15 20:47:11,050 - INFO - eval	x: (3425, 12, 207, 1), y: (3425, 12, 207, 1)
2026-04-15 20:47:11,050 - INFO - test	x: (6850, 12, 207, 1), y: (6850, 12, 207, 1)
2026-04-15 20:47:27,764 - INFO - Saved at ./libcity/cache/dataset_cache/point_based_METR_LA_12_12_0.7_0.1_none_128_False_True_True_True.npz
2026-04-15 20:47:27,764 - INFO - NoneScaler
2026-04-15 20:47:27,764 - INFO - NoneScaler
2026-04-15 20:47:30,948 - INFO - Building simplified MCSTMamba model with just two Mamba blocks
2026-04-15 20:47:30,956 - INFO - Simplified MCSTMamba model configured for device: cuda:0
2026-04-15 20:47:31,470 - INFO - MCSTMamba(
  (input_proj): Linear(in_features=1, out_features=24, bias=True)
  (tod_embedding): Embedding(288, 24)
  (dow_embedding): Embedding(7, 24)
  (mamba_input_proj): Linear(in_features=168, out_features=96, bias=True)
  (temporal_block): SimpleMambaBlock(
    (layer_norm): LayerNorm((96,), eps=1e-05, elementwise_affine=True)
    (mamba): Mamba(
      (in_proj): Linear(in_features=96, out_features=384, bias=False)
      (conv1d): Conv1d(192, 192, kernel_size=(4,), stride=(1,), padding=(3,), groups=192)
      (act): SiLU()
      (x_proj): Linear(in_features=192, out_features=198, bias=False)
      (dt_proj): Linear(in_features=6, out_features=192, bias=True)
      (out_proj): Linear(in_features=192, out_features=96, bias=False)
    )
    (dropout): Dropout(p=0.1, inplace=False)
    (feed_forward): Sequential(
      (0): Linear(in_features=96, out_features=384, bias=True)
      (1): GELU(approximate='none')
      (2): Dropout(p=0.1, inplace=False)
      (3): Linear(in_features=384, out_features=96, bias=True)
    )
    (ff_norm): LayerNorm((96,), eps=1e-05, elementwise_affine=True)
    (ff_dropout): Dropout(p=0.1, inplace=False)
  )
  (spatial_block): SimpleMambaBlock(
    (layer_norm): LayerNorm((96,), eps=1e-05, elementwise_affine=True)
    (mamba): Mamba(
      (in_proj): Linear(in_features=96, out_features=384, bias=False)
      (conv1d): Conv1d(192, 192, kernel_size=(4,), stride=(1,), padding=(3,), groups=192)
      (act): SiLU()
      (x_proj): Linear(in_features=192, out_features=198, bias=False)
      (dt_proj): Linear(in_features=6, out_features=192, bias=True)
      (out_proj): Linear(in_features=192, out_features=96, bias=False)
    )
    (dropout): Dropout(p=0.1, inplace=False)
    (feed_forward): Sequential(
      (0): Linear(in_features=96, out_features=384, bias=True)
      (1): GELU(approximate='none')
      (2): Dropout(p=0.1, inplace=False)
      (3): Linear(in_features=384, out_features=96, bias=True)
    )
    (ff_norm): LayerNorm((96,), eps=1e-05, elementwise_affine=True)
    (ff_dropout): Dropout(p=0.1, inplace=False)
  )
  (output_proj): Linear(in_features=96, out_features=1, bias=True)
  (final_layer_norm): LayerNorm((96,), eps=1e-05, elementwise_affine=True)
)
2026-04-15 20:47:31,470 - INFO - spatial_embedding	torch.Size([207, 16])	cuda:0	True
2026-04-15 20:47:31,470 - INFO - adaptive_embedding	torch.Size([12, 207, 80])	cuda:0	True
2026-04-15 20:47:31,470 - INFO - combine_weights	torch.Size([2, 96])	cuda:0	True
2026-04-15 20:47:31,470 - INFO - input_proj.weight	torch.Size([24, 1])	cuda:0	True
2026-04-15 20:47:31,470 - INFO - input_proj.bias	torch.Size([24])	cuda:0	True
2026-04-15 20:47:31,471 - INFO - tod_embedding.weight	torch.Size([288, 24])	cuda:0	True
2026-04-15 20:47:31,471 - INFO - dow_embedding.weight	torch.Size([7, 24])	cuda:0	True
2026-04-15 20:47:31,471 - INFO - mamba_input_proj.weight	torch.Size([96, 168])	cuda:0	True
2026-04-15 20:47:31,471 - INFO - mamba_input_proj.bias	torch.Size([96])	cuda:0	True
2026-04-15 20:47:31,471 - INFO - temporal_block.layer_norm.weight	torch.Size([96])	cuda:0	True
2026-04-15 20:47:31,471 - INFO - temporal_block.layer_norm.bias	torch.Size([96])	cuda:0	True
2026-04-15 20:47:31,471 - INFO - temporal_block.mamba.A_log	torch.Size([192, 96])	cuda:0	True
2026-04-15 20:47:31,471 - INFO - temporal_block.mamba.D	torch.Size([192])	cuda:0	True
2026-04-15 20:47:31,471 - INFO - temporal_block.mamba.in_proj.weight	torch.Size([384, 96])	cuda:0	True
2026-04-15 20:47:31,471 - INFO - temporal_block.mamba.conv1d.weight	torch.Size([192, 1, 4])	cuda:0	True
2026-04-15 20:47:31,471 - INFO - temporal_block.mamba.conv1d.bias	torch.Size([192])	cuda:0	True
2026-04-15 20:47:31,471 - INFO - temporal_block.mamba.x_proj.weight	torch.Size([198, 192])	cuda:0	True
2026-04-15 20:47:31,471 - INFO - temporal_block.mamba.dt_proj.weight	torch.Size([192, 6])	cuda:0	True
2026-04-15 20:47:31,471 - INFO - temporal_block.mamba.dt_proj.bias	torch.Size([192])	cuda:0	True
2026-04-15 20:47:31,471 - INFO - temporal_block.mamba.out_proj.weight	torch.Size([96, 192])	cuda:0	True
2026-04-15 20:47:31,471 - INFO - temporal_block.feed_forward.0.weight	torch.Size([384, 96])	cuda:0	True
2026-04-15 20:47:31,471 - INFO - temporal_block.feed_forward.0.bias	torch.Size([384])	cuda:0	True
2026-04-15 20:47:31,471 - INFO - temporal_block.feed_forward.3.weight	torch.Size([96, 384])	cuda:0	True
2026-04-15 20:47:31,471 - INFO - temporal_block.feed_forward.3.bias	torch.Size([96])	cuda:0	True
2026-04-15 20:47:31,471 - INFO - temporal_block.ff_norm.weight	torch.Size([96])	cuda:0	True
2026-04-15 20:47:31,471 - INFO - temporal_block.ff_norm.bias	torch.Size([96])	cuda:0	True
2026-04-15 20:47:31,472 - INFO - spatial_block.layer_norm.weight	torch.Size([96])	cuda:0	True
2026-04-15 20:47:31,472 - INFO - spatial_block.layer_norm.bias	torch.Size([96])	cuda:0	True
2026-04-15 20:47:31,472 - INFO - spatial_block.mamba.A_log	torch.Size([192, 96])	cuda:0	True
2026-04-15 20:47:31,472 - INFO - spatial_block.mamba.D	torch.Size([192])	cuda:0	True
2026-04-15 20:47:31,472 - INFO - spatial_block.mamba.in_proj.weight	torch.Size([384, 96])	cuda:0	True
2026-04-15 20:47:31,472 - INFO - spatial_block.mamba.conv1d.weight	torch.Size([192, 1, 4])	cuda:0	True
2026-04-15 20:47:31,472 - INFO - spatial_block.mamba.conv1d.bias	torch.Size([192])	cuda:0	True
2026-04-15 20:47:31,472 - INFO - spatial_block.mamba.x_proj.weight	torch.Size([198, 192])	cuda:0	True
2026-04-15 20:47:31,472 - INFO - spatial_block.mamba.dt_proj.weight	torch.Size([192, 6])	cuda:0	True
2026-04-15 20:47:31,472 - INFO - spatial_block.mamba.dt_proj.bias	torch.Size([192])	cuda:0	True
2026-04-15 20:47:31,472 - INFO - spatial_block.mamba.out_proj.weight	torch.Size([96, 192])	cuda:0	True
2026-04-15 20:47:31,472 - INFO - spatial_block.feed_forward.0.weight	torch.Size([384, 96])	cuda:0	True
2026-04-15 20:47:31,472 - INFO - spatial_block.feed_forward.0.bias	torch.Size([384])	cuda:0	True
2026-04-15 20:47:31,472 - INFO - spatial_block.feed_forward.3.weight	torch.Size([96, 384])	cuda:0	True
2026-04-15 20:47:31,472 - INFO - spatial_block.feed_forward.3.bias	torch.Size([96])	cuda:0	True
2026-04-15 20:47:31,472 - INFO - spatial_block.ff_norm.weight	torch.Size([96])	cuda:0	True
2026-04-15 20:47:31,472 - INFO - spatial_block.ff_norm.bias	torch.Size([96])	cuda:0	True
2026-04-15 20:47:31,472 - INFO - output_proj.weight	torch.Size([1, 96])	cuda:0	True
2026-04-15 20:47:31,472 - INFO - output_proj.bias	torch.Size([1])	cuda:0	True
2026-04-15 20:47:31,472 - INFO - final_layer_norm.weight	torch.Size([96])	cuda:0	True
2026-04-15 20:47:31,472 - INFO - final_layer_norm.bias	torch.Size([96])	cuda:0	True
2026-04-15 20:47:31,472 - INFO - Total parameter numbers: 603529
2026-04-15 20:47:31,473 - INFO - You select `adam` optimizer.
2026-04-15 20:47:31,473 - INFO - You select `cosineannealinglr` lr_scheduler.
2026-04-15 20:47:31,473 - WARNING - Received none train loss func and will use the loss func defined in the model.
2026-04-15 20:47:31,473 - INFO - Gradient accumulation steps: 2
2026-04-15 20:47:31,473 - INFO - FP16 mixed precision training: True
2026-04-15 20:47:31,473 - INFO - Using torch.cuda.amp.GradScaler for FP16 training
2026-04-15 20:47:31,473 - INFO - Enabled cuDNN benchmark mode
2026-04-15 20:47:31,473 - INFO - Enabled TF32 for faster training on Ampere GPUs
2026-04-15 20:47:31,473 - INFO - Executor 已初始化 GPU 数据预加载功能（PEMSD4 专用）
2026-04-15 20:47:31,473 - INFO - Start training ...
2026-04-15 20:47:31,473 - INFO - num_batches:188
2026-04-15 20:47:31,473 - INFO - 数据集较小，正在预加载 train 数据到 GPU 显存...
2026-04-15 20:47:37,110 - INFO -   已预加载 10 batches...
2026-04-15 20:47:42,460 - INFO -   已预加载 20 batches...
2026-04-15 20:47:47,824 - INFO -   已预加载 30 batches...
2026-04-15 20:47:53,211 - INFO -   已预加载 40 batches...
2026-04-15 20:47:58,976 - INFO -   已预加载 50 batches...
2026-04-15 20:48:04,280 - INFO -   已预加载 60 batches...
2026-04-15 20:48:09,651 - INFO -   已预加载 70 batches...
2026-04-15 20:48:14,996 - INFO -   已预加载 80 batches...
2026-04-15 20:48:20,290 - INFO -   已预加载 90 batches...
2026-04-15 20:48:25,509 - INFO -   已预加载 100 batches...
2026-04-15 20:48:30,739 - INFO -   已预加载 110 batches...
2026-04-15 20:48:35,991 - INFO -   已预加载 120 batches...
2026-04-15 20:48:41,256 - INFO -   已预加载 130 batches...
2026-04-15 20:48:46,483 - INFO -   已预加载 140 batches...
2026-04-15 20:48:51,733 - INFO -   已预加载 150 batches...
2026-04-15 20:48:57,023 - INFO -   已预加载 160 batches...
2026-04-15 20:49:02,331 - INFO -   已预加载 170 batches...
2026-04-15 20:49:07,607 - INFO -   已预加载 180 batches...
2026-04-15 20:49:11,816 - INFO - 预加载完成: 188 batches (100.34s)
2026-04-15 20:50:10,892 - INFO - epoch complete!
2026-04-15 20:50:10,892 - INFO - evaluating now!
2026-04-15 20:50:10,892 - INFO - 数据集较小，正在预加载 valid 数据到 GPU 显存...
2026-04-15 20:50:16,397 - INFO -   已预加载 10 batches...
2026-04-15 20:50:21,635 - INFO -   已预加载 20 batches...
2026-04-15 20:50:25,266 - INFO - 预加载完成: 27 batches (14.37s)
2026-04-15 20:50:26,535 - INFO - Epoch [0/300] train_loss: 49.4957, val_loss: 42.7671, lr: 0.000997, 175.06s
2026-04-15 20:50:26,555 - INFO - Saved model at 0
2026-04-15 20:50:26,555 - INFO - Val loss decrease from inf to 42.7671, saving to ./libcity/cache/MCST001/model_cache/MCSTMamba_METR_LA_epoch0.tar
2026-04-15 20:51:22,566 - INFO - epoch complete!
2026-04-15 20:51:22,566 - INFO - evaluating now!
2026-04-15 20:51:23,833 - INFO - Epoch [1/300] train_loss: 34.6487, val_loss: 26.7575, lr: 0.000989, 57.28s
2026-04-15 20:51:23,850 - INFO - Saved model at 1
2026-04-15 20:51:23,850 - INFO - Val loss decrease from 42.7671 to 26.7575, saving to ./libcity/cache/MCST001/model_cache/MCSTMamba_METR_LA_epoch1.tar
2026-04-15 20:52:19,868 - INFO - epoch complete!
2026-04-15 20:52:19,869 - INFO - evaluating now!
2026-04-15 20:52:21,134 - INFO - Epoch [2/300] train_loss: 17.9097, val_loss: 9.6976, lr: 0.000976, 57.28s
2026-04-15 20:52:21,152 - INFO - Saved model at 2
2026-04-15 20:52:21,152 - INFO - Val loss decrease from 26.7575 to 9.6976, saving to ./libcity/cache/MCST001/model_cache/MCSTMamba_METR_LA_epoch2.tar
2026-04-15 20:53:17,267 - INFO - epoch complete!
2026-04-15 20:53:17,268 - INFO - evaluating now!
2026-04-15 20:53:18,532 - INFO - Epoch [3/300] train_loss: 6.0619, val_loss: 4.8284, lr: 0.000957, 57.38s
2026-04-15 20:53:18,550 - INFO - Saved model at 3
2026-04-15 20:53:18,550 - INFO - Val loss decrease from 9.6976 to 4.8284, saving to ./libcity/cache/MCST001/model_cache/MCSTMamba_METR_LA_epoch3.tar
2026-04-15 20:54:14,645 - INFO - epoch complete!
2026-04-15 20:54:14,645 - INFO - evaluating now!
2026-04-15 20:54:15,910 - INFO - Epoch [4/300] train_loss: 4.9873, val_loss: 4.5711, lr: 0.000933, 57.36s
2026-04-15 20:54:15,927 - INFO - Saved model at 4
2026-04-15 20:54:15,927 - INFO - Val loss decrease from 4.8284 to 4.5711, saving to ./libcity/cache/MCST001/model_cache/MCSTMamba_METR_LA_epoch4.tar
2026-04-15 20:55:12,091 - INFO - epoch complete!
2026-04-15 20:55:12,091 - INFO - evaluating now!
2026-04-15 20:55:13,356 - INFO - Epoch [5/300] train_loss: 4.9646, val_loss: 4.6506, lr: 0.000905, 57.43s
2026-04-15 20:56:09,404 - INFO - epoch complete!
2026-04-15 20:56:09,404 - INFO - evaluating now!
2026-04-15 20:56:10,670 - INFO - Epoch [6/300] train_loss: 4.8595, val_loss: 4.9380, lr: 0.000872, 57.31s
2026-04-15 20:57:06,828 - INFO - epoch complete!
2026-04-15 20:57:06,828 - INFO - evaluating now!
2026-04-15 20:57:08,106 - INFO - Epoch [7/300] train_loss: 4.8002, val_loss: 4.5438, lr: 0.000835, 57.44s
2026-04-15 20:57:08,124 - INFO - Saved model at 7
2026-04-15 20:57:08,124 - INFO - Val loss decrease from 4.5711 to 4.5438, saving to ./libcity/cache/MCST001/model_cache/MCSTMamba_METR_LA_epoch7.tar
2026-04-15 20:58:04,174 - INFO - epoch complete!
2026-04-15 20:58:04,174 - INFO - evaluating now!
2026-04-15 20:58:05,444 - INFO - Epoch [8/300] train_loss: 4.7987, val_loss: 5.0560, lr: 0.000794, 57.32s
2026-04-15 20:59:01,477 - INFO - epoch complete!
2026-04-15 20:59:01,477 - INFO - evaluating now!
2026-04-15 20:59:02,746 - INFO - Epoch [9/300] train_loss: 4.7710, val_loss: 4.5434, lr: 0.000750, 57.30s
2026-04-15 20:59:02,761 - INFO - Saved model at 9
2026-04-15 20:59:02,761 - INFO - Val loss decrease from 4.5438 to 4.5434, saving to ./libcity/cache/MCST001/model_cache/MCSTMamba_METR_LA_epoch9.tar
2026-04-15 20:59:58,858 - INFO - epoch complete!
2026-04-15 20:59:58,858 - INFO - evaluating now!
2026-04-15 21:00:00,127 - INFO - Epoch [10/300] train_loss: 4.7296, val_loss: 4.7206, lr: 0.000703, 57.37s
2026-04-15 21:00:56,175 - INFO - epoch complete!
2026-04-15 21:00:56,175 - INFO - evaluating now!
2026-04-15 21:00:57,439 - INFO - Epoch [11/300] train_loss: 4.7505, val_loss: 4.5044, lr: 0.000655, 57.31s
2026-04-15 21:00:57,456 - INFO - Saved model at 11
2026-04-15 21:00:57,456 - INFO - Val loss decrease from 4.5434 to 4.5044, saving to ./libcity/cache/MCST001/model_cache/MCSTMamba_METR_LA_epoch11.tar
2026-04-15 21:01:53,539 - INFO - epoch complete!
2026-04-15 21:01:53,539 - INFO - evaluating now!
2026-04-15 21:01:54,804 - INFO - Epoch [12/300] train_loss: 4.7795, val_loss: 4.7710, lr: 0.000604, 57.35s
2026-04-15 21:02:50,811 - INFO - epoch complete!
2026-04-15 21:02:50,812 - INFO - evaluating now!
2026-04-15 21:02:52,076 - INFO - Epoch [13/300] train_loss: 4.7060, val_loss: 4.5143, lr: 0.000552, 57.27s
2026-04-15 21:03:48,091 - INFO - epoch complete!
2026-04-15 21:03:48,092 - INFO - evaluating now!
2026-04-15 21:03:49,357 - INFO - Epoch [14/300] train_loss: 4.6824, val_loss: 4.5291, lr: 0.000500, 57.28s
2026-04-15 21:04:45,410 - INFO - epoch complete!
2026-04-15 21:04:45,410 - INFO - evaluating now!
2026-04-15 21:04:46,677 - INFO - Epoch [15/300] train_loss: 4.6876, val_loss: 4.5096, lr: 0.000448, 57.32s
2026-04-15 21:05:42,665 - INFO - epoch complete!
2026-04-15 21:05:42,665 - INFO - evaluating now!
2026-04-15 21:05:43,931 - INFO - Epoch [16/300] train_loss: 4.6987, val_loss: 4.7111, lr: 0.000396, 57.25s
2026-04-15 21:06:39,959 - INFO - epoch complete!
2026-04-15 21:06:39,959 - INFO - evaluating now!
2026-04-15 21:06:41,230 - INFO - Epoch [17/300] train_loss: 4.6786, val_loss: 4.5908, lr: 0.000345, 57.30s
2026-04-15 21:07:37,178 - INFO - epoch complete!
2026-04-15 21:07:37,178 - INFO - evaluating now!
2026-04-15 21:07:38,444 - INFO - Epoch [18/300] train_loss: 4.6647, val_loss: 4.5757, lr: 0.000297, 57.21s
2026-04-15 21:08:34,459 - INFO - epoch complete!
2026-04-15 21:08:34,459 - INFO - evaluating now!
2026-04-15 21:08:35,724 - INFO - Epoch [19/300] train_loss: 4.6641, val_loss: 4.4739, lr: 0.000250, 57.28s
2026-04-15 21:08:35,742 - INFO - Saved model at 19
2026-04-15 21:08:35,742 - INFO - Val loss decrease from 4.5044 to 4.4739, saving to ./libcity/cache/MCST001/model_cache/MCSTMamba_METR_LA_epoch19.tar
2026-04-15 21:09:31,690 - INFO - epoch complete!
2026-04-15 21:09:31,690 - INFO - evaluating now!
2026-04-15 21:09:32,956 - INFO - Epoch [20/300] train_loss: 4.6490, val_loss: 4.4955, lr: 0.000206, 57.21s
2026-04-15 21:10:28,989 - INFO - epoch complete!
2026-04-15 21:10:28,989 - INFO - evaluating now!
2026-04-15 21:10:30,254 - INFO - Epoch [21/300] train_loss: 4.6437, val_loss: 4.5086, lr: 0.000165, 57.30s
2026-04-15 21:11:26,293 - INFO - epoch complete!
2026-04-15 21:11:26,294 - INFO - evaluating now!
2026-04-15 21:11:27,559 - INFO - Epoch [22/300] train_loss: 4.6388, val_loss: 4.5471, lr: 0.000128, 57.30s
2026-04-15 21:12:23,659 - INFO - epoch complete!
2026-04-15 21:12:23,659 - INFO - evaluating now!
2026-04-15 21:12:24,924 - INFO - Epoch [23/300] train_loss: 4.6354, val_loss: 4.5351, lr: 0.000095, 57.36s
2026-04-15 21:13:20,926 - INFO - epoch complete!
2026-04-15 21:13:20,926 - INFO - evaluating now!
2026-04-15 21:13:22,199 - INFO - Epoch [24/300] train_loss: 4.6299, val_loss: 4.5084, lr: 0.000067, 57.27s
2026-04-15 21:14:18,217 - INFO - epoch complete!
2026-04-15 21:14:18,217 - INFO - evaluating now!
2026-04-15 21:14:19,482 - INFO - Epoch [25/300] train_loss: 4.6274, val_loss: 4.5008, lr: 0.000043, 57.28s
2026-04-15 21:15:15,503 - INFO - epoch complete!
2026-04-15 21:15:15,503 - INFO - evaluating now!
2026-04-15 21:15:16,773 - INFO - Epoch [26/300] train_loss: 4.6270, val_loss: 4.4934, lr: 0.000024, 57.29s
2026-04-15 21:16:12,712 - INFO - epoch complete!
2026-04-15 21:16:12,712 - INFO - evaluating now!
2026-04-15 21:16:13,978 - INFO - Epoch [27/300] train_loss: 4.6251, val_loss: 4.4809, lr: 0.000011, 57.20s
2026-04-15 21:17:10,111 - INFO - epoch complete!
2026-04-15 21:17:10,111 - INFO - evaluating now!
2026-04-15 21:17:11,377 - INFO - Epoch [28/300] train_loss: 4.6241, val_loss: 4.4848, lr: 0.000003, 57.40s
2026-04-15 21:18:07,287 - INFO - epoch complete!
2026-04-15 21:18:07,287 - INFO - evaluating now!
2026-04-15 21:18:08,553 - INFO - Epoch [29/300] train_loss: 4.6237, val_loss: 4.4879, lr: 0.000000, 57.18s
2026-04-15 21:19:04,534 - INFO - epoch complete!
2026-04-15 21:19:04,534 - INFO - evaluating now!
2026-04-15 21:19:05,800 - INFO - Epoch [30/300] train_loss: 4.6236, val_loss: 4.4879, lr: 0.000003, 57.25s
2026-04-15 21:20:01,784 - INFO - epoch complete!
2026-04-15 21:20:01,784 - INFO - evaluating now!
2026-04-15 21:20:03,050 - INFO - Epoch [31/300] train_loss: 4.6235, val_loss: 4.4881, lr: 0.000011, 57.25s
2026-04-15 21:20:59,086 - INFO - epoch complete!
2026-04-15 21:20:59,086 - INFO - evaluating now!
2026-04-15 21:21:00,351 - INFO - Epoch [32/300] train_loss: 4.6237, val_loss: 4.4834, lr: 0.000024, 57.30s
2026-04-15 21:21:56,395 - INFO - epoch complete!
2026-04-15 21:21:56,395 - INFO - evaluating now!
2026-04-15 21:21:57,660 - INFO - Epoch [33/300] train_loss: 4.6239, val_loss: 4.4847, lr: 0.000043, 57.31s
2026-04-15 21:22:53,711 - INFO - epoch complete!
2026-04-15 21:22:53,711 - INFO - evaluating now!
2026-04-15 21:22:54,976 - INFO - Epoch [34/300] train_loss: 4.6247, val_loss: 4.4932, lr: 0.000067, 57.32s
2026-04-15 21:22:54,977 - WARNING - Early stopping at epoch: 34
2026-04-15 21:22:54,977 - INFO - Trained totally 35 epochs, average train time is 58.989s, average eval time is 1.677s
2026-04-15 21:22:54,977 - INFO - Training ended. Best epoch: 19, min val loss: 4.4739
2026-04-15 21:22:55,009 - INFO - 已恢复梯度缩放器状态
2026-04-15 21:22:55,009 - INFO - 已恢复学习率调度器状态 (当前学习率: 0.000250)
2026-04-15 21:22:55,009 - INFO - 已恢复最佳epoch记录: 19
2026-04-15 21:22:55,009 - INFO - 已恢复最小验证损失: 4.4739
2026-04-15 21:22:55,009 - INFO - 已恢复early stopping等待计数: 0
2026-04-15 21:22:55,009 - INFO - Loaded model at 19
2026-04-15 21:22:55,010 - INFO - Saved model at ./libcity/cache/MCST001/model_cache/MCSTMamba_METR_LA.m
2026-04-15 21:22:55,025 - INFO - Start evaluating ...
2026-04-15 21:22:56,086 - INFO - Saved visualizations for batch 0
2026-04-15 21:23:03,384 - INFO - Saved visualizations for batch 10
2026-04-15 21:23:10,444 - INFO - Saved visualizations for batch 20
2026-04-15 21:23:17,506 - INFO - Saved visualizations for batch 30
2026-04-15 21:23:24,619 - INFO - Saved visualizations for batch 40
2026-04-15 21:23:31,577 - INFO - Saved visualizations for batch 50
2026-04-15 21:23:38,399 - INFO - Saved predictions to ./libcity/cache/MCST001/evaluate_cache/2026_04_15_21_23_33_MCSTMamba_METR_LA_predictions.npz
2026-04-15 21:23:38,401 - ERROR - Failed to calculate or save evaluation metrics: Could not infer dtype of numpy.float32
2026-04-15 21:23:38,402 - INFO - Copied log file to cache: ./libcity/cache/MCST001/logs/MCST001-MCSTMamba-METR_LA-Apr-15-2026_20-47-04.log
2026-04-15 21:23:38,402 - INFO - Created training summary: ./libcity/cache/MCST001/logs/training_summary.txt
2026-04-15 21:23:39,211 - INFO - Generated visualization: ./libcity/cache/MCST001/logs/loss_curve.png
2026-04-15 21:23:39,212 - INFO - Generated visualization: ./libcity/cache/MCST001/logs/loss_curve_log_scale.png
