2026-04-15 17:36:55,227 - INFO - Log directory: ./libcity/log
2026-04-15 17:36:55,228 - INFO - Begin pipeline, task=traffic_state_pred, model_name=MCSTWeather, dataset_name=METR_LA, exp_id=W001, epoch=0
2026-04-15 17:36:55,228 - INFO - {'task': 'traffic_state_pred', 'model': 'MCSTWeather', 'dataset': 'METR_LA', 'saved_model': True, 'train': True, 'exp_id': 'W001', 'seed': 0, 'dataset_class': 'TrafficStatePointDataset', 'executor': 'TrafficStateExecutorOptimized', 'evaluator': 'TrafficStateEvaluator', 'input_window': 12, 'output_window': 12, 'input_embedding_dim': 24, 'tod_embedding_dim': 24, 'dow_embedding_dim': 24, 'spatial_embedding_dim': 16, 'adaptive_embedding_dim': 80, 'd_model': 96, 'd_state': 32, 'd_conv': 4, 'expand': 2, 'dropout': 0.1, 'weather_embed_dim': 64, 'use_weather': True, 'weather_file': None, 'add_time_in_day': True, 'add_day_in_week': True, 'steps_per_day': 288, 'max_epoch': 300, 'batch_size': 128, 'learning_rate': 0.001, 'optimizer': 'adam', 'lr_decay': True, 'lr_scheduler': 'cosineannealinglr', 'patience': 30, 'use_early_stop': True, 'scaler': 'standard', 'load_external': False, 'normal_external': False, 'ext_scaler': 'none', 'timestamp': True, 'cache_dataset': True, 'num_workers': 0, 'pad_with_last_sample': True, 'train_rate': 0.7, 'eval_rate': 0.1, 'robustness_test': False, 'noise_type': 'gaussian', 'disturb_rate': 0.5, 'noise_mean': [5], 'noise_SD': [10], 'gpu': True, 'gpu_id': 0, 'train_loss': 'none', 'epoch': 0, 'learner': 'adam', 'weight_decay': 0.0001, 'lr_epsilon': 1e-08, 'lr_beta1': 0.9, 'lr_beta2': 0.999, 'lr_alpha': 0.99, 'lr_momentum': 0, 'lr_decay_ratio': 0.1, 'steps': [10, 30, 50, 80], 'step_size': 10, 'lr_T_max': 30, 'lr_eta_min': 0, 'lr_patience': 5, 'lr_threshold': 0.0001, 'clip_grad_norm': True, 'max_grad_norm': 5.0, 'log_level': 'INFO', 'log_every': 1, 'load_best_epoch': True, 'hyper_tune': False, 'fp16': True, 'gradient_accumulation_steps': 2, 'metrics': ['MAE', 'MAPE', 'MSE', 'RMSE', 'masked_MAE', 'masked_MAPE', 'masked_MSE', 'masked_RMSE', 'R2', 'EVAR'], 'evaluator_mode': 'single', 'save_mode': ['csv'], 'geo': {'including_types': ['Point'], 'Point': {}}, 'rel': {'including_types': ['geo'], 'geo': {'cost': 'num'}}, 'dyna': {'including_types': ['state'], 'state': {'entity_id': 'geo_id', 'traffic_speed': 'num'}}, 'data_col': ['traffic_speed'], 'weight_col': 'cost', 'data_files': ['METR_LA'], 'geo_file': 'METR_LA', 'rel_file': 'METR_LA', 'output_dim': 1, 'time_intervals': 300, 'init_weight_inf_or_zero': 'inf', 'set_weight_link_or_dist': 'dist', 'calculate_weight_adj': True, 'weight_adj_epsilon': 0.1, 'device': device(type='cuda', index=0)}
2026-04-15 17:36:55,634 - INFO - Loaded file METR_LA.geo, num_nodes=207
2026-04-15 17:36:55,641 - INFO - set_weight_link_or_dist: dist
2026-04-15 17:36:55,641 - INFO - init_weight_inf_or_zero: inf
2026-04-15 17:36:55,657 - INFO - Loaded file METR_LA.rel, shape=(207, 207)
2026-04-15 17:36:55,657 - INFO - Start Calculate the weight by Gauss kernel!
2026-04-15 17:36:55,658 - INFO - Loading file METR_LA.dyna
2026-04-15 17:37:00,374 - INFO - Loaded file METR_LA.dyna, shape=(34272, 207, 2)
2026-04-15 17:37:04,037 - INFO - Dataset created
2026-04-15 17:37:04,037 - INFO - x shape: (34249, 12, 207, 2), y shape: (34249, 12, 207, 2)
2026-04-15 17:37:04,046 - INFO - train	x: (23974, 12, 207, 2), y: (23974, 12, 207, 2)
2026-04-15 17:37:04,046 - INFO - eval	x: (3425, 12, 207, 2), y: (3425, 12, 207, 2)
2026-04-15 17:37:04,046 - INFO - test	x: (6850, 12, 207, 2), y: (6850, 12, 207, 2)
2026-04-15 17:37:04,046 - INFO - Saving timestamp info to cache: start_time=2012-03-01T00:00:00.000000000, total_time_steps=34272, time_intervals=300
2026-04-15 17:38:44,493 - INFO - Saved at ./libcity/cache/dataset_cache/point_based_METR_LA_12_12_0.7_0.1_standard_128_False_True_True_True_timestamp.npz
2026-04-15 17:38:44,973 - INFO - StandardScaler mean: 54.40592829587626, std: 19.493739270573094
2026-04-15 17:38:44,973 - INFO - NoneScaler
2026-04-15 17:38:50,695 - INFO - Weather data loaded from ./raw_data/METR_LA/weather.csv
2026-04-15 17:38:50,695 - INFO - Weather features: ['temp_range', 'temp_avg', 'apparent_temp_diff', 'humidity_level', 'humidity_change', 'humidity_range', 'wind_gust_ratio', 'wind_avg', 'wind_speed', 'pressure_diff', 'pressure_change', 'pressure_level', 'has_precipitation', 'precipitation_level', 'wind_dir_sin', 'wind_dir_cos', 'weather_phenomena_count', 'has_severe_weather', 'hour', 'hour_sin', 'hour_cos']
2026-04-15 17:38:50,696 - INFO - Building MCSTWeather model with weather integration
2026-04-15 17:38:50,845 - INFO - MCSTWeather model initialized with weather_embed_dim=64
2026-04-15 17:38:51,359 - INFO - MCSTWeather(
  (input_proj): Linear(in_features=1, out_features=24, bias=True)
  (tod_embedding): Embedding(288, 24)
  (dow_embedding): Embedding(7, 24)
  (mamba_input_proj): Linear(in_features=168, out_features=96, bias=True)
  (weather_feature_proj): Sequential(
    (0): Linear(in_features=21, out_features=128, bias=True)
    (1): ReLU()
    (2): Dropout(p=0.1, inplace=False)
    (3): Linear(in_features=128, out_features=64, bias=True)
  )
  (weather_spatial_expand): Linear(in_features=64, out_features=64, bias=True)
  (temporal_block): SimpleMambaWeatherBlock(
    (layer_norm): LayerNorm((96,), eps=1e-05, elementwise_affine=True)
    (mamba_weather): MambaWeather(
      (in_proj): Linear(in_features=96, out_features=384, bias=False)
      (conv1d): Conv1d(192, 192, kernel_size=(4,), stride=(1,), padding=(3,), groups=192)
      (act): SiLU()
      (x_proj): Linear(in_features=256, out_features=70, bias=False)
      (dt_proj): Linear(in_features=6, out_features=192, bias=True)
      (out_proj): Linear(in_features=192, out_features=96, bias=False)
      (weather_proj): Linear(in_features=64, out_features=64, bias=True)
    )
    (dropout): Dropout(p=0.1, inplace=False)
    (feed_forward): Sequential(
      (0): Linear(in_features=96, out_features=384, bias=True)
      (1): GELU(approximate='none')
      (2): Dropout(p=0.1, inplace=False)
      (3): Linear(in_features=384, out_features=96, bias=True)
    )
    (ff_norm): LayerNorm((96,), eps=1e-05, elementwise_affine=True)
    (ff_dropout): Dropout(p=0.1, inplace=False)
  )
  (spatial_block): SimpleMambaWeatherBlock(
    (layer_norm): LayerNorm((96,), eps=1e-05, elementwise_affine=True)
    (mamba_weather): MambaWeather(
      (in_proj): Linear(in_features=96, out_features=384, bias=False)
      (conv1d): Conv1d(192, 192, kernel_size=(4,), stride=(1,), padding=(3,), groups=192)
      (act): SiLU()
      (x_proj): Linear(in_features=256, out_features=70, bias=False)
      (dt_proj): Linear(in_features=6, out_features=192, bias=True)
      (out_proj): Linear(in_features=192, out_features=96, bias=False)
      (weather_proj): Linear(in_features=64, out_features=64, bias=True)
    )
    (dropout): Dropout(p=0.1, inplace=False)
    (feed_forward): Sequential(
      (0): Linear(in_features=96, out_features=384, bias=True)
      (1): GELU(approximate='none')
      (2): Dropout(p=0.1, inplace=False)
      (3): Linear(in_features=384, out_features=96, bias=True)
    )
    (ff_norm): LayerNorm((96,), eps=1e-05, elementwise_affine=True)
    (ff_dropout): Dropout(p=0.1, inplace=False)
  )
  (temporal_proj): Linear(in_features=12, out_features=12, bias=True)
  (output_proj): Linear(in_features=96, out_features=1, bias=True)
  (final_layer_norm): LayerNorm((96,), eps=1e-05, elementwise_affine=True)
)
2026-04-15 17:38:51,360 - INFO - spatial_embedding	torch.Size([207, 16])	cuda:0	True
2026-04-15 17:38:51,360 - INFO - adaptive_embedding	torch.Size([12, 207, 80])	cuda:0	True
2026-04-15 17:38:51,360 - INFO - combine_weights	torch.Size([2, 96])	cuda:0	True
2026-04-15 17:38:51,360 - INFO - input_proj.weight	torch.Size([24, 1])	cuda:0	True
2026-04-15 17:38:51,360 - INFO - input_proj.bias	torch.Size([24])	cuda:0	True
2026-04-15 17:38:51,360 - INFO - tod_embedding.weight	torch.Size([288, 24])	cuda:0	True
2026-04-15 17:38:51,360 - INFO - dow_embedding.weight	torch.Size([7, 24])	cuda:0	True
2026-04-15 17:38:51,360 - INFO - mamba_input_proj.weight	torch.Size([96, 168])	cuda:0	True
2026-04-15 17:38:51,360 - INFO - mamba_input_proj.bias	torch.Size([96])	cuda:0	True
2026-04-15 17:38:51,360 - INFO - weather_feature_proj.0.weight	torch.Size([128, 21])	cuda:0	True
2026-04-15 17:38:51,361 - INFO - weather_feature_proj.0.bias	torch.Size([128])	cuda:0	True
2026-04-15 17:38:51,361 - INFO - weather_feature_proj.3.weight	torch.Size([64, 128])	cuda:0	True
2026-04-15 17:38:51,361 - INFO - weather_feature_proj.3.bias	torch.Size([64])	cuda:0	True
2026-04-15 17:38:51,361 - INFO - weather_spatial_expand.weight	torch.Size([64, 64])	cuda:0	True
2026-04-15 17:38:51,361 - INFO - weather_spatial_expand.bias	torch.Size([64])	cuda:0	True
2026-04-15 17:38:51,361 - INFO - temporal_block.layer_norm.weight	torch.Size([96])	cuda:0	True
2026-04-15 17:38:51,361 - INFO - temporal_block.layer_norm.bias	torch.Size([96])	cuda:0	True
2026-04-15 17:38:51,361 - INFO - temporal_block.mamba_weather.A_log	torch.Size([192, 32])	cuda:0	True
2026-04-15 17:38:51,361 - INFO - temporal_block.mamba_weather.D	torch.Size([192])	cuda:0	True
2026-04-15 17:38:51,361 - INFO - temporal_block.mamba_weather.in_proj.weight	torch.Size([384, 96])	cuda:0	True
2026-04-15 17:38:51,361 - INFO - temporal_block.mamba_weather.conv1d.weight	torch.Size([192, 1, 4])	cuda:0	True
2026-04-15 17:38:51,361 - INFO - temporal_block.mamba_weather.conv1d.bias	torch.Size([192])	cuda:0	True
2026-04-15 17:38:51,361 - INFO - temporal_block.mamba_weather.x_proj.weight	torch.Size([70, 256])	cuda:0	True
2026-04-15 17:38:51,361 - INFO - temporal_block.mamba_weather.dt_proj.weight	torch.Size([192, 6])	cuda:0	True
2026-04-15 17:38:51,361 - INFO - temporal_block.mamba_weather.dt_proj.bias	torch.Size([192])	cuda:0	True
2026-04-15 17:38:51,361 - INFO - temporal_block.mamba_weather.out_proj.weight	torch.Size([96, 192])	cuda:0	True
2026-04-15 17:38:51,361 - INFO - temporal_block.mamba_weather.weather_proj.weight	torch.Size([64, 64])	cuda:0	True
2026-04-15 17:38:51,361 - INFO - temporal_block.mamba_weather.weather_proj.bias	torch.Size([64])	cuda:0	True
2026-04-15 17:38:51,361 - INFO - temporal_block.feed_forward.0.weight	torch.Size([384, 96])	cuda:0	True
2026-04-15 17:38:51,361 - INFO - temporal_block.feed_forward.0.bias	torch.Size([384])	cuda:0	True
2026-04-15 17:38:51,361 - INFO - temporal_block.feed_forward.3.weight	torch.Size([96, 384])	cuda:0	True
2026-04-15 17:38:51,362 - INFO - temporal_block.feed_forward.3.bias	torch.Size([96])	cuda:0	True
2026-04-15 17:38:51,362 - INFO - temporal_block.ff_norm.weight	torch.Size([96])	cuda:0	True
2026-04-15 17:38:51,362 - INFO - temporal_block.ff_norm.bias	torch.Size([96])	cuda:0	True
2026-04-15 17:38:51,362 - INFO - spatial_block.layer_norm.weight	torch.Size([96])	cuda:0	True
2026-04-15 17:38:51,362 - INFO - spatial_block.layer_norm.bias	torch.Size([96])	cuda:0	True
2026-04-15 17:38:51,362 - INFO - spatial_block.mamba_weather.A_log	torch.Size([192, 32])	cuda:0	True
2026-04-15 17:38:51,362 - INFO - spatial_block.mamba_weather.D	torch.Size([192])	cuda:0	True
2026-04-15 17:38:51,362 - INFO - spatial_block.mamba_weather.in_proj.weight	torch.Size([384, 96])	cuda:0	True
2026-04-15 17:38:51,362 - INFO - spatial_block.mamba_weather.conv1d.weight	torch.Size([192, 1, 4])	cuda:0	True
2026-04-15 17:38:51,362 - INFO - spatial_block.mamba_weather.conv1d.bias	torch.Size([192])	cuda:0	True
2026-04-15 17:38:51,362 - INFO - spatial_block.mamba_weather.x_proj.weight	torch.Size([70, 256])	cuda:0	True
2026-04-15 17:38:51,362 - INFO - spatial_block.mamba_weather.dt_proj.weight	torch.Size([192, 6])	cuda:0	True
2026-04-15 17:38:51,362 - INFO - spatial_block.mamba_weather.dt_proj.bias	torch.Size([192])	cuda:0	True
2026-04-15 17:38:51,362 - INFO - spatial_block.mamba_weather.out_proj.weight	torch.Size([96, 192])	cuda:0	True
2026-04-15 17:38:51,362 - INFO - spatial_block.mamba_weather.weather_proj.weight	torch.Size([64, 64])	cuda:0	True
2026-04-15 17:38:51,362 - INFO - spatial_block.mamba_weather.weather_proj.bias	torch.Size([64])	cuda:0	True
2026-04-15 17:38:51,362 - INFO - spatial_block.feed_forward.0.weight	torch.Size([384, 96])	cuda:0	True
2026-04-15 17:38:51,362 - INFO - spatial_block.feed_forward.0.bias	torch.Size([384])	cuda:0	True
2026-04-15 17:38:51,362 - INFO - spatial_block.feed_forward.3.weight	torch.Size([96, 384])	cuda:0	True
2026-04-15 17:38:51,362 - INFO - spatial_block.feed_forward.3.bias	torch.Size([96])	cuda:0	True
2026-04-15 17:38:51,362 - INFO - spatial_block.ff_norm.weight	torch.Size([96])	cuda:0	True
2026-04-15 17:38:51,362 - INFO - spatial_block.ff_norm.bias	torch.Size([96])	cuda:0	True
2026-04-15 17:38:51,362 - INFO - temporal_proj.weight	torch.Size([12, 12])	cuda:0	True
2026-04-15 17:38:51,363 - INFO - temporal_proj.bias	torch.Size([12])	cuda:0	True
2026-04-15 17:38:51,363 - INFO - output_proj.weight	torch.Size([1, 96])	cuda:0	True
2026-04-15 17:38:51,363 - INFO - output_proj.bias	torch.Size([1])	cuda:0	True
2026-04-15 17:38:51,363 - INFO - final_layer_norm.weight	torch.Size([96])	cuda:0	True
2026-04-15 17:38:51,363 - INFO - final_layer_norm.bias	torch.Size([96])	cuda:0	True
2026-04-15 17:38:51,363 - INFO - Total parameter numbers: 562469
2026-04-15 17:38:51,363 - INFO - You select `adam` optimizer.
2026-04-15 17:38:51,363 - INFO - You select `cosineannealinglr` lr_scheduler.
2026-04-15 17:38:51,363 - WARNING - Received none train loss func and will use the loss func defined in the model.
2026-04-15 17:38:51,363 - INFO - Gradient accumulation steps: 2
2026-04-15 17:38:51,363 - INFO - FP16 mixed precision training: True
2026-04-15 17:38:51,363 - INFO - Using torch.cuda.amp.GradScaler for FP16 training
2026-04-15 17:38:51,364 - INFO - Enabled cuDNN benchmark mode
2026-04-15 17:38:51,364 - INFO - Enabled TF32 for faster training on Ampere GPUs
2026-04-15 17:38:51,364 - INFO - Executor 已初始化 GPU 数据预加载功能（PEMSD4 专用）
2026-04-15 17:38:51,364 - INFO - Start training ...
2026-04-15 17:38:51,364 - INFO - num_batches:188
2026-04-15 17:38:51,364 - INFO - 数据集较小，正在预加载 train 数据到 GPU 显存...
2026-04-15 17:38:58,060 - INFO -   已预加载 10 batches...
2026-04-15 17:39:04,370 - INFO -   已预加载 20 batches...
2026-04-15 17:39:10,716 - INFO -   已预加载 30 batches...
2026-04-15 17:39:17,120 - INFO -   已预加载 40 batches...
2026-04-15 17:39:23,443 - INFO -   已预加载 50 batches...
2026-04-15 17:39:29,771 - INFO -   已预加载 60 batches...
2026-04-15 17:39:36,068 - INFO -   已预加载 70 batches...
2026-04-15 17:39:42,504 - INFO -   已预加载 80 batches...
2026-04-15 17:39:48,812 - INFO -   已预加载 90 batches...
2026-04-15 17:39:55,096 - INFO -   已预加载 100 batches...
2026-04-15 17:40:01,375 - INFO -   已预加载 110 batches...
2026-04-15 17:40:07,698 - INFO -   已预加载 120 batches...
2026-04-15 17:40:14,069 - INFO -   已预加载 130 batches...
2026-04-15 17:40:20,378 - INFO -   已预加载 140 batches...
2026-04-15 17:40:26,712 - INFO -   已预加载 150 batches...
2026-04-15 17:40:33,095 - INFO -   已预加载 160 batches...
2026-04-15 17:40:39,482 - INFO -   已预加载 170 batches...
2026-04-15 17:40:45,690 - INFO -   已预加载 180 batches...
2026-04-15 17:40:50,667 - INFO - 预加载完成: 188 batches (119.30s)
2026-04-15 17:41:28,342 - INFO - epoch complete!
2026-04-15 17:41:28,343 - INFO - evaluating now!
2026-04-15 17:41:28,343 - INFO - 数据集较小，正在预加载 valid 数据到 GPU 显存...
2026-04-15 17:41:34,592 - INFO -   已预加载 10 batches...
2026-04-15 17:41:40,835 - INFO -   已预加载 20 batches...
2026-04-15 17:41:45,172 - INFO - 预加载完成: 27 batches (16.83s)
2026-04-15 17:41:46,292 - INFO - Epoch [0/300] train_loss: 6.5022, val_loss: 4.1011, lr: 0.000997, 174.93s
2026-04-15 17:41:46,311 - INFO - Saved model at 0
2026-04-15 17:41:46,312 - INFO - Val loss decrease from inf to 4.1011, saving to ./libcity/cache/W001/model_cache/MCSTWeather_METR_LA_epoch0.tar
2026-04-15 17:42:19,121 - INFO - epoch complete!
2026-04-15 17:42:19,121 - INFO - evaluating now!
2026-04-15 17:42:20,231 - INFO - Epoch [1/300] train_loss: 4.0658, val_loss: 3.7890, lr: 0.000989, 33.92s
2026-04-15 17:42:20,249 - INFO - Saved model at 1
2026-04-15 17:42:20,250 - INFO - Val loss decrease from 4.1011 to 3.7890, saving to ./libcity/cache/W001/model_cache/MCSTWeather_METR_LA_epoch1.tar
2026-04-15 17:42:52,892 - INFO - epoch complete!
2026-04-15 17:42:52,892 - INFO - evaluating now!
2026-04-15 17:42:54,009 - INFO - Epoch [2/300] train_loss: 3.7742, val_loss: 3.5522, lr: 0.000976, 33.76s
2026-04-15 17:42:54,028 - INFO - Saved model at 2
2026-04-15 17:42:54,028 - INFO - Val loss decrease from 3.7890 to 3.5522, saving to ./libcity/cache/W001/model_cache/MCSTWeather_METR_LA_epoch2.tar
2026-04-15 17:43:26,883 - INFO - epoch complete!
2026-04-15 17:43:26,883 - INFO - evaluating now!
2026-04-15 17:43:27,988 - INFO - Epoch [3/300] train_loss: 3.6036, val_loss: 3.5247, lr: 0.000957, 33.96s
2026-04-15 17:43:28,008 - INFO - Saved model at 3
2026-04-15 17:43:28,008 - INFO - Val loss decrease from 3.5522 to 3.5247, saving to ./libcity/cache/W001/model_cache/MCSTWeather_METR_LA_epoch3.tar
2026-04-15 17:44:00,857 - INFO - epoch complete!
2026-04-15 17:44:00,857 - INFO - evaluating now!
2026-04-15 17:44:01,961 - INFO - Epoch [4/300] train_loss: 3.5119, val_loss: 3.4477, lr: 0.000933, 33.95s
2026-04-15 17:44:01,980 - INFO - Saved model at 4
2026-04-15 17:44:01,980 - INFO - Val loss decrease from 3.5247 to 3.4477, saving to ./libcity/cache/W001/model_cache/MCSTWeather_METR_LA_epoch4.tar
2026-04-15 17:44:34,789 - INFO - epoch complete!
2026-04-15 17:44:34,790 - INFO - evaluating now!
2026-04-15 17:44:36,034 - INFO - Epoch [5/300] train_loss: 3.4622, val_loss: 3.3974, lr: 0.000905, 34.05s
2026-04-15 17:44:36,052 - INFO - Saved model at 5
2026-04-15 17:44:36,052 - INFO - Val loss decrease from 3.4477 to 3.3974, saving to ./libcity/cache/W001/model_cache/MCSTWeather_METR_LA_epoch5.tar
2026-04-15 17:45:08,606 - INFO - epoch complete!
2026-04-15 17:45:08,606 - INFO - evaluating now!
2026-04-15 17:45:09,712 - INFO - Epoch [6/300] train_loss: 3.4278, val_loss: 3.3585, lr: 0.000872, 33.66s
2026-04-15 17:45:09,730 - INFO - Saved model at 6
2026-04-15 17:45:09,730 - INFO - Val loss decrease from 3.3974 to 3.3585, saving to ./libcity/cache/W001/model_cache/MCSTWeather_METR_LA_epoch6.tar
2026-04-15 17:45:42,204 - INFO - epoch complete!
2026-04-15 17:45:42,204 - INFO - evaluating now!
2026-04-15 17:45:43,290 - INFO - Epoch [7/300] train_loss: 3.3420, val_loss: 3.3181, lr: 0.000835, 33.56s
2026-04-15 17:45:43,307 - INFO - Saved model at 7
2026-04-15 17:45:43,307 - INFO - Val loss decrease from 3.3585 to 3.3181, saving to ./libcity/cache/W001/model_cache/MCSTWeather_METR_LA_epoch7.tar
2026-04-15 17:46:15,740 - INFO - epoch complete!
2026-04-15 17:46:15,740 - INFO - evaluating now!
2026-04-15 17:46:16,834 - INFO - Epoch [8/300] train_loss: 3.3061, val_loss: 3.3221, lr: 0.000794, 33.53s
2026-04-15 17:46:49,458 - INFO - epoch complete!
2026-04-15 17:46:49,459 - INFO - evaluating now!
2026-04-15 17:46:50,561 - INFO - Epoch [9/300] train_loss: 3.2693, val_loss: 3.2346, lr: 0.000750, 33.73s
2026-04-15 17:46:50,579 - INFO - Saved model at 9
2026-04-15 17:46:50,579 - INFO - Val loss decrease from 3.3181 to 3.2346, saving to ./libcity/cache/W001/model_cache/MCSTWeather_METR_LA_epoch9.tar
2026-04-15 17:47:23,090 - INFO - epoch complete!
2026-04-15 17:47:23,090 - INFO - evaluating now!
2026-04-15 17:47:24,166 - INFO - Epoch [10/300] train_loss: 3.2438, val_loss: 3.2249, lr: 0.000703, 33.59s
2026-04-15 17:47:24,183 - INFO - Saved model at 10
2026-04-15 17:47:24,184 - INFO - Val loss decrease from 3.2346 to 3.2249, saving to ./libcity/cache/W001/model_cache/MCSTWeather_METR_LA_epoch10.tar
2026-04-15 17:47:56,839 - INFO - epoch complete!
2026-04-15 17:47:56,839 - INFO - evaluating now!
2026-04-15 17:47:57,942 - INFO - Epoch [11/300] train_loss: 3.2137, val_loss: 3.2550, lr: 0.000655, 33.76s
2026-04-15 17:48:30,453 - INFO - epoch complete!
2026-04-15 17:48:30,453 - INFO - evaluating now!
2026-04-15 17:48:31,557 - INFO - Epoch [12/300] train_loss: 3.1899, val_loss: 3.2241, lr: 0.000604, 33.61s
2026-04-15 17:48:31,574 - INFO - Saved model at 12
2026-04-15 17:48:31,574 - INFO - Val loss decrease from 3.2249 to 3.2241, saving to ./libcity/cache/W001/model_cache/MCSTWeather_METR_LA_epoch12.tar
2026-04-15 17:49:04,130 - INFO - epoch complete!
2026-04-15 17:49:04,130 - INFO - evaluating now!
2026-04-15 17:49:05,246 - INFO - Epoch [13/300] train_loss: 3.1680, val_loss: 3.1882, lr: 0.000552, 33.67s
2026-04-15 17:49:05,264 - INFO - Saved model at 13
2026-04-15 17:49:05,264 - INFO - Val loss decrease from 3.2241 to 3.1882, saving to ./libcity/cache/W001/model_cache/MCSTWeather_METR_LA_epoch13.tar
2026-04-15 17:49:38,037 - INFO - epoch complete!
2026-04-15 17:49:38,037 - INFO - evaluating now!
2026-04-15 17:49:39,197 - INFO - Epoch [14/300] train_loss: 3.1532, val_loss: 3.2184, lr: 0.000500, 33.93s
2026-04-15 17:50:11,928 - INFO - epoch complete!
2026-04-15 17:50:11,929 - INFO - evaluating now!
2026-04-15 17:50:13,076 - INFO - Epoch [15/300] train_loss: 3.1373, val_loss: 3.1777, lr: 0.000448, 33.88s
2026-04-15 17:50:13,098 - INFO - Saved model at 15
2026-04-15 17:50:13,099 - INFO - Val loss decrease from 3.1882 to 3.1777, saving to ./libcity/cache/W001/model_cache/MCSTWeather_METR_LA_epoch15.tar
2026-04-15 17:50:45,915 - INFO - epoch complete!
2026-04-15 17:50:45,916 - INFO - evaluating now!
2026-04-15 17:50:47,051 - INFO - Epoch [16/300] train_loss: 3.1249, val_loss: 3.1658, lr: 0.000396, 33.95s
2026-04-15 17:50:47,070 - INFO - Saved model at 16
2026-04-15 17:50:47,070 - INFO - Val loss decrease from 3.1777 to 3.1658, saving to ./libcity/cache/W001/model_cache/MCSTWeather_METR_LA_epoch16.tar
2026-04-15 17:51:19,732 - INFO - epoch complete!
2026-04-15 17:51:19,733 - INFO - evaluating now!
2026-04-15 17:51:20,826 - INFO - Epoch [17/300] train_loss: 3.1137, val_loss: 3.1625, lr: 0.000345, 33.76s
2026-04-15 17:51:20,843 - INFO - Saved model at 17
2026-04-15 17:51:20,843 - INFO - Val loss decrease from 3.1658 to 3.1625, saving to ./libcity/cache/W001/model_cache/MCSTWeather_METR_LA_epoch17.tar
2026-04-15 17:51:53,337 - INFO - epoch complete!
2026-04-15 17:51:53,338 - INFO - evaluating now!
2026-04-15 17:51:54,428 - INFO - Epoch [18/300] train_loss: 3.1035, val_loss: 3.1621, lr: 0.000297, 33.58s
2026-04-15 17:51:54,445 - INFO - Saved model at 18
2026-04-15 17:51:54,446 - INFO - Val loss decrease from 3.1625 to 3.1621, saving to ./libcity/cache/W001/model_cache/MCSTWeather_METR_LA_epoch18.tar
2026-04-15 17:52:26,998 - INFO - epoch complete!
2026-04-15 17:52:26,998 - INFO - evaluating now!
2026-04-15 17:52:28,102 - INFO - Epoch [19/300] train_loss: 3.0943, val_loss: 3.1473, lr: 0.000250, 33.66s
2026-04-15 17:52:28,119 - INFO - Saved model at 19
2026-04-15 17:52:28,119 - INFO - Val loss decrease from 3.1621 to 3.1473, saving to ./libcity/cache/W001/model_cache/MCSTWeather_METR_LA_epoch19.tar
2026-04-15 17:53:00,626 - INFO - epoch complete!
2026-04-15 17:53:00,626 - INFO - evaluating now!
2026-04-15 17:53:01,726 - INFO - Epoch [20/300] train_loss: 3.0861, val_loss: 3.1390, lr: 0.000206, 33.61s
2026-04-15 17:53:01,743 - INFO - Saved model at 20
2026-04-15 17:53:01,743 - INFO - Val loss decrease from 3.1473 to 3.1390, saving to ./libcity/cache/W001/model_cache/MCSTWeather_METR_LA_epoch20.tar
2026-04-15 17:53:34,225 - INFO - epoch complete!
2026-04-15 17:53:34,225 - INFO - evaluating now!
2026-04-15 17:53:35,333 - INFO - Epoch [21/300] train_loss: 3.0785, val_loss: 3.1318, lr: 0.000165, 33.59s
2026-04-15 17:53:35,351 - INFO - Saved model at 21
2026-04-15 17:53:35,351 - INFO - Val loss decrease from 3.1390 to 3.1318, saving to ./libcity/cache/W001/model_cache/MCSTWeather_METR_LA_epoch21.tar
2026-04-15 17:54:07,881 - INFO - epoch complete!
2026-04-15 17:54:07,882 - INFO - evaluating now!
2026-04-15 17:54:08,980 - INFO - Epoch [22/300] train_loss: 3.0732, val_loss: 3.1134, lr: 0.000128, 33.63s
2026-04-15 17:54:08,997 - INFO - Saved model at 22
2026-04-15 17:54:08,997 - INFO - Val loss decrease from 3.1318 to 3.1134, saving to ./libcity/cache/W001/model_cache/MCSTWeather_METR_LA_epoch22.tar
2026-04-15 17:54:41,724 - INFO - epoch complete!
2026-04-15 17:54:41,724 - INFO - evaluating now!
2026-04-15 17:54:42,839 - INFO - Epoch [23/300] train_loss: 3.0684, val_loss: 3.1097, lr: 0.000095, 33.84s
2026-04-15 17:54:42,857 - INFO - Saved model at 23
2026-04-15 17:54:42,858 - INFO - Val loss decrease from 3.1134 to 3.1097, saving to ./libcity/cache/W001/model_cache/MCSTWeather_METR_LA_epoch23.tar
2026-04-15 17:55:15,435 - INFO - epoch complete!
2026-04-15 17:55:15,436 - INFO - evaluating now!
2026-04-15 17:55:16,533 - INFO - Epoch [24/300] train_loss: 3.0650, val_loss: 3.1218, lr: 0.000067, 33.68s
2026-04-15 17:55:49,040 - INFO - epoch complete!
2026-04-15 17:55:49,040 - INFO - evaluating now!
2026-04-15 17:55:50,156 - INFO - Epoch [25/300] train_loss: 3.0616, val_loss: 3.1144, lr: 0.000043, 33.62s
2026-04-15 17:56:22,677 - INFO - epoch complete!
2026-04-15 17:56:22,677 - INFO - evaluating now!
2026-04-15 17:56:23,799 - INFO - Epoch [26/300] train_loss: 3.0588, val_loss: 3.1146, lr: 0.000024, 33.64s
2026-04-15 17:56:56,536 - INFO - epoch complete!
2026-04-15 17:56:56,536 - INFO - evaluating now!
2026-04-15 17:56:57,643 - INFO - Epoch [27/300] train_loss: 3.0567, val_loss: 3.1154, lr: 0.000011, 33.84s
2026-04-15 17:57:30,464 - INFO - epoch complete!
2026-04-15 17:57:30,464 - INFO - evaluating now!
2026-04-15 17:57:31,612 - INFO - Epoch [28/300] train_loss: 3.0560, val_loss: 3.1126, lr: 0.000003, 33.97s
2026-04-15 17:58:04,387 - INFO - epoch complete!
2026-04-15 17:58:04,388 - INFO - evaluating now!
2026-04-15 17:58:05,720 - INFO - Epoch [29/300] train_loss: 3.0553, val_loss: 3.1092, lr: 0.000000, 34.11s
2026-04-15 17:58:05,739 - INFO - Saved model at 29
2026-04-15 17:58:05,739 - INFO - Val loss decrease from 3.1097 to 3.1092, saving to ./libcity/cache/W001/model_cache/MCSTWeather_METR_LA_epoch29.tar
2026-04-15 17:58:38,353 - INFO - epoch complete!
2026-04-15 17:58:38,353 - INFO - evaluating now!
2026-04-15 17:58:39,447 - INFO - Epoch [30/300] train_loss: 3.0551, val_loss: 3.1092, lr: 0.000003, 33.71s
2026-04-15 17:59:12,225 - INFO - epoch complete!
2026-04-15 17:59:12,225 - INFO - evaluating now!
2026-04-15 17:59:13,553 - INFO - Epoch [31/300] train_loss: 3.0554, val_loss: 3.1077, lr: 0.000011, 34.11s
2026-04-15 17:59:13,572 - INFO - Saved model at 31
2026-04-15 17:59:13,573 - INFO - Val loss decrease from 3.1092 to 3.1077, saving to ./libcity/cache/W001/model_cache/MCSTWeather_METR_LA_epoch31.tar
2026-04-15 17:59:46,176 - INFO - epoch complete!
2026-04-15 17:59:46,176 - INFO - evaluating now!
2026-04-15 17:59:47,253 - INFO - Epoch [32/300] train_loss: 3.0555, val_loss: 3.1118, lr: 0.000024, 33.68s
2026-04-15 18:00:19,488 - INFO - epoch complete!
2026-04-15 18:00:19,489 - INFO - evaluating now!
2026-04-15 18:00:20,559 - INFO - Epoch [33/300] train_loss: 3.0557, val_loss: 3.1132, lr: 0.000043, 33.31s
2026-04-15 18:00:52,978 - INFO - epoch complete!
2026-04-15 18:00:52,978 - INFO - evaluating now!
2026-04-15 18:00:54,060 - INFO - Epoch [34/300] train_loss: 3.0560, val_loss: 3.1051, lr: 0.000067, 33.50s
2026-04-15 18:00:54,077 - INFO - Saved model at 34
2026-04-15 18:00:54,077 - INFO - Val loss decrease from 3.1077 to 3.1051, saving to ./libcity/cache/W001/model_cache/MCSTWeather_METR_LA_epoch34.tar
2026-04-15 18:01:26,547 - INFO - epoch complete!
2026-04-15 18:01:26,547 - INFO - evaluating now!
2026-04-15 18:01:27,634 - INFO - Epoch [35/300] train_loss: 3.0560, val_loss: 3.1098, lr: 0.000095, 33.56s
2026-04-15 18:01:59,941 - INFO - epoch complete!
2026-04-15 18:01:59,941 - INFO - evaluating now!
2026-04-15 18:02:01,006 - INFO - Epoch [36/300] train_loss: 3.0567, val_loss: 3.1012, lr: 0.000128, 33.37s
2026-04-15 18:02:01,023 - INFO - Saved model at 36
2026-04-15 18:02:01,023 - INFO - Val loss decrease from 3.1051 to 3.1012, saving to ./libcity/cache/W001/model_cache/MCSTWeather_METR_LA_epoch36.tar
2026-04-15 18:02:33,587 - INFO - epoch complete!
2026-04-15 18:02:33,587 - INFO - evaluating now!
2026-04-15 18:02:34,659 - INFO - Epoch [37/300] train_loss: 3.0554, val_loss: 3.1165, lr: 0.000165, 33.64s
2026-04-15 18:03:06,935 - INFO - epoch complete!
2026-04-15 18:03:06,936 - INFO - evaluating now!
2026-04-15 18:03:08,017 - INFO - Epoch [38/300] train_loss: 3.0540, val_loss: 3.1145, lr: 0.000206, 33.36s
2026-04-15 18:03:40,386 - INFO - epoch complete!
2026-04-15 18:03:40,386 - INFO - evaluating now!
2026-04-15 18:03:41,488 - INFO - Epoch [39/300] train_loss: 3.0540, val_loss: 3.0977, lr: 0.000250, 33.47s
2026-04-15 18:03:41,506 - INFO - Saved model at 39
2026-04-15 18:03:41,506 - INFO - Val loss decrease from 3.1012 to 3.0977, saving to ./libcity/cache/W001/model_cache/MCSTWeather_METR_LA_epoch39.tar
2026-04-15 18:04:14,357 - INFO - epoch complete!
2026-04-15 18:04:14,358 - INFO - evaluating now!
2026-04-15 18:04:15,443 - INFO - Epoch [40/300] train_loss: 3.0509, val_loss: 3.1068, lr: 0.000297, 33.94s
2026-04-15 18:04:47,789 - INFO - epoch complete!
2026-04-15 18:04:47,789 - INFO - evaluating now!
2026-04-15 18:04:48,870 - INFO - Epoch [41/300] train_loss: 3.0514, val_loss: 3.1115, lr: 0.000345, 33.43s
2026-04-15 18:05:21,239 - INFO - epoch complete!
2026-04-15 18:05:21,239 - INFO - evaluating now!
2026-04-15 18:05:22,457 - INFO - Epoch [42/300] train_loss: 3.0474, val_loss: 3.0921, lr: 0.000396, 33.59s
2026-04-15 18:05:22,474 - INFO - Saved model at 42
2026-04-15 18:05:22,474 - INFO - Val loss decrease from 3.0977 to 3.0921, saving to ./libcity/cache/W001/model_cache/MCSTWeather_METR_LA_epoch42.tar
2026-04-15 18:05:54,961 - INFO - epoch complete!
2026-04-15 18:05:54,962 - INFO - evaluating now!
2026-04-15 18:05:56,035 - INFO - Epoch [43/300] train_loss: 3.0441, val_loss: 3.1280, lr: 0.000448, 33.56s
2026-04-15 18:06:28,429 - INFO - epoch complete!
2026-04-15 18:06:28,430 - INFO - evaluating now!
2026-04-15 18:06:29,518 - INFO - Epoch [44/300] train_loss: 3.0500, val_loss: 3.1119, lr: 0.000500, 33.48s
2026-04-15 18:07:01,930 - INFO - epoch complete!
2026-04-15 18:07:01,930 - INFO - evaluating now!
2026-04-15 18:07:03,014 - INFO - Epoch [45/300] train_loss: 3.0474, val_loss: 3.0826, lr: 0.000552, 33.49s
2026-04-15 18:07:03,031 - INFO - Saved model at 45
2026-04-15 18:07:03,031 - INFO - Val loss decrease from 3.0921 to 3.0826, saving to ./libcity/cache/W001/model_cache/MCSTWeather_METR_LA_epoch45.tar
2026-04-15 18:07:35,568 - INFO - epoch complete!
2026-04-15 18:07:35,568 - INFO - evaluating now!
2026-04-15 18:07:36,637 - INFO - Epoch [46/300] train_loss: 3.0468, val_loss: 3.0848, lr: 0.000604, 33.61s
2026-04-15 18:08:08,973 - INFO - epoch complete!
2026-04-15 18:08:08,973 - INFO - evaluating now!
2026-04-15 18:08:10,064 - INFO - Epoch [47/300] train_loss: 3.0473, val_loss: 3.0884, lr: 0.000655, 33.43s
2026-04-15 18:08:42,381 - INFO - epoch complete!
2026-04-15 18:08:42,381 - INFO - evaluating now!
2026-04-15 18:08:43,468 - INFO - Epoch [48/300] train_loss: 3.0416, val_loss: 3.1105, lr: 0.000703, 33.40s
2026-04-15 18:09:15,919 - INFO - epoch complete!
2026-04-15 18:09:15,919 - INFO - evaluating now!
2026-04-15 18:09:16,983 - INFO - Epoch [49/300] train_loss: 3.0360, val_loss: 3.1033, lr: 0.000750, 33.52s
2026-04-15 18:09:49,917 - INFO - epoch complete!
2026-04-15 18:09:49,917 - INFO - evaluating now!
2026-04-15 18:09:50,995 - INFO - Epoch [50/300] train_loss: 3.0257, val_loss: 3.0846, lr: 0.000794, 34.01s
2026-04-15 18:10:23,568 - INFO - epoch complete!
2026-04-15 18:10:23,568 - INFO - evaluating now!
2026-04-15 18:10:24,660 - INFO - Epoch [51/300] train_loss: 3.0327, val_loss: 3.1037, lr: 0.000835, 33.66s
2026-04-15 18:10:57,154 - INFO - epoch complete!
2026-04-15 18:10:57,154 - INFO - evaluating now!
2026-04-15 18:10:58,246 - INFO - Epoch [52/300] train_loss: 3.0212, val_loss: 3.1246, lr: 0.000872, 33.59s
2026-04-15 18:11:30,588 - INFO - epoch complete!
2026-04-15 18:11:30,588 - INFO - evaluating now!
2026-04-15 18:11:31,821 - INFO - Epoch [53/300] train_loss: 3.0509, val_loss: 3.1272, lr: 0.000905, 33.57s
2026-04-15 18:12:04,154 - INFO - epoch complete!
2026-04-15 18:12:04,155 - INFO - evaluating now!
2026-04-15 18:12:05,243 - INFO - Epoch [54/300] train_loss: 3.0161, val_loss: 3.1146, lr: 0.000933, 33.42s
2026-04-15 18:12:38,272 - INFO - epoch complete!
2026-04-15 18:12:38,272 - INFO - evaluating now!
2026-04-15 18:12:39,398 - INFO - Epoch [55/300] train_loss: 3.0076, val_loss: 3.0938, lr: 0.000957, 34.15s
2026-04-15 18:13:12,070 - INFO - epoch complete!
2026-04-15 18:13:12,071 - INFO - evaluating now!
2026-04-15 18:13:13,165 - INFO - Epoch [56/300] train_loss: 3.0020, val_loss: 3.0883, lr: 0.000976, 33.77s
2026-04-15 18:13:45,459 - INFO - epoch complete!
2026-04-15 18:13:45,459 - INFO - evaluating now!
2026-04-15 18:13:46,545 - INFO - Epoch [57/300] train_loss: 2.9985, val_loss: 3.1779, lr: 0.000989, 33.38s
2026-04-15 18:14:19,029 - INFO - epoch complete!
2026-04-15 18:14:19,029 - INFO - evaluating now!
2026-04-15 18:14:20,119 - INFO - Epoch [58/300] train_loss: 2.9918, val_loss: 3.0826, lr: 0.000997, 33.57s
2026-04-15 18:14:52,453 - INFO - epoch complete!
2026-04-15 18:14:52,454 - INFO - evaluating now!
2026-04-15 18:14:53,686 - INFO - Epoch [59/300] train_loss: 2.9836, val_loss: 3.0860, lr: 0.001000, 33.57s
2026-04-15 18:15:26,162 - INFO - epoch complete!
2026-04-15 18:15:26,162 - INFO - evaluating now!
2026-04-15 18:15:27,251 - INFO - Epoch [60/300] train_loss: 2.9791, val_loss: 3.1234, lr: 0.000997, 33.56s
2026-04-15 18:15:59,640 - INFO - epoch complete!
2026-04-15 18:15:59,641 - INFO - evaluating now!
2026-04-15 18:16:00,717 - INFO - Epoch [61/300] train_loss: 2.9732, val_loss: 3.0842, lr: 0.000989, 33.47s
2026-04-15 18:16:32,962 - INFO - epoch complete!
2026-04-15 18:16:32,962 - INFO - evaluating now!
2026-04-15 18:16:34,045 - INFO - Epoch [62/300] train_loss: 2.9640, val_loss: 3.0798, lr: 0.000976, 33.33s
2026-04-15 18:16:34,061 - INFO - Saved model at 62
2026-04-15 18:16:34,061 - INFO - Val loss decrease from 3.0826 to 3.0798, saving to ./libcity/cache/W001/model_cache/MCSTWeather_METR_LA_epoch62.tar
2026-04-15 18:17:06,693 - INFO - epoch complete!
2026-04-15 18:17:06,693 - INFO - evaluating now!
2026-04-15 18:17:07,864 - INFO - Epoch [63/300] train_loss: 2.9604, val_loss: 3.1331, lr: 0.000957, 33.80s
2026-04-15 18:17:40,412 - INFO - epoch complete!
2026-04-15 18:17:40,413 - INFO - evaluating now!
2026-04-15 18:17:41,513 - INFO - Epoch [64/300] train_loss: 2.9429, val_loss: 3.0756, lr: 0.000933, 33.65s
2026-04-15 18:17:41,531 - INFO - Saved model at 64
2026-04-15 18:17:41,532 - INFO - Val loss decrease from 3.0798 to 3.0756, saving to ./libcity/cache/W001/model_cache/MCSTWeather_METR_LA_epoch64.tar
2026-04-15 18:18:14,168 - INFO - epoch complete!
2026-04-15 18:18:14,168 - INFO - evaluating now!
2026-04-15 18:18:15,397 - INFO - Epoch [65/300] train_loss: 2.9408, val_loss: 3.0797, lr: 0.000905, 33.87s
2026-04-15 18:18:47,676 - INFO - epoch complete!
2026-04-15 18:18:47,676 - INFO - evaluating now!
2026-04-15 18:18:48,766 - INFO - Epoch [66/300] train_loss: 2.9310, val_loss: 3.0753, lr: 0.000872, 33.37s
2026-04-15 18:18:48,783 - INFO - Saved model at 66
2026-04-15 18:18:48,783 - INFO - Val loss decrease from 3.0756 to 3.0753, saving to ./libcity/cache/W001/model_cache/MCSTWeather_METR_LA_epoch66.tar
2026-04-15 18:19:21,175 - INFO - epoch complete!
2026-04-15 18:19:21,175 - INFO - evaluating now!
2026-04-15 18:19:22,267 - INFO - Epoch [67/300] train_loss: 2.9231, val_loss: 3.0772, lr: 0.000835, 33.48s
2026-04-15 18:19:54,734 - INFO - epoch complete!
2026-04-15 18:19:54,734 - INFO - evaluating now!
2026-04-15 18:19:55,803 - INFO - Epoch [68/300] train_loss: 2.9165, val_loss: 3.0819, lr: 0.000794, 33.54s
2026-04-15 18:20:28,029 - INFO - epoch complete!
2026-04-15 18:20:28,030 - INFO - evaluating now!
2026-04-15 18:20:29,102 - INFO - Epoch [69/300] train_loss: 2.9087, val_loss: 3.0658, lr: 0.000750, 33.30s
2026-04-15 18:20:29,118 - INFO - Saved model at 69
2026-04-15 18:20:29,119 - INFO - Val loss decrease from 3.0753 to 3.0658, saving to ./libcity/cache/W001/model_cache/MCSTWeather_METR_LA_epoch69.tar
2026-04-15 18:21:01,663 - INFO - epoch complete!
2026-04-15 18:21:01,663 - INFO - evaluating now!
2026-04-15 18:21:02,739 - INFO - Epoch [70/300] train_loss: 2.9014, val_loss: 3.0668, lr: 0.000703, 33.62s
2026-04-15 18:21:34,961 - INFO - epoch complete!
2026-04-15 18:21:34,962 - INFO - evaluating now!
2026-04-15 18:21:36,028 - INFO - Epoch [71/300] train_loss: 2.8941, val_loss: 3.0642, lr: 0.000655, 33.29s
2026-04-15 18:21:36,045 - INFO - Saved model at 71
2026-04-15 18:21:36,045 - INFO - Val loss decrease from 3.0658 to 3.0642, saving to ./libcity/cache/W001/model_cache/MCSTWeather_METR_LA_epoch71.tar
2026-04-15 18:22:08,392 - INFO - epoch complete!
2026-04-15 18:22:08,392 - INFO - evaluating now!
2026-04-15 18:22:09,591 - INFO - Epoch [72/300] train_loss: 2.8865, val_loss: 3.0721, lr: 0.000604, 33.55s
2026-04-15 18:22:41,764 - INFO - epoch complete!
2026-04-15 18:22:41,764 - INFO - evaluating now!
2026-04-15 18:22:42,828 - INFO - Epoch [73/300] train_loss: 2.8792, val_loss: 3.0703, lr: 0.000552, 33.24s
2026-04-15 18:23:15,168 - INFO - epoch complete!
2026-04-15 18:23:15,169 - INFO - evaluating now!
2026-04-15 18:23:16,231 - INFO - Epoch [74/300] train_loss: 2.8749, val_loss: 3.0648, lr: 0.000500, 33.40s
2026-04-15 18:23:48,717 - INFO - epoch complete!
2026-04-15 18:23:48,718 - INFO - evaluating now!
2026-04-15 18:23:49,770 - INFO - Epoch [75/300] train_loss: 2.8726, val_loss: 3.0749, lr: 0.000448, 33.54s
2026-04-15 18:24:22,319 - INFO - epoch complete!
2026-04-15 18:24:22,319 - INFO - evaluating now!
2026-04-15 18:24:23,402 - INFO - Epoch [76/300] train_loss: 2.8606, val_loss: 3.0780, lr: 0.000396, 33.63s
2026-04-15 18:24:56,231 - INFO - epoch complete!
2026-04-15 18:24:56,232 - INFO - evaluating now!
2026-04-15 18:24:57,300 - INFO - Epoch [77/300] train_loss: 2.8542, val_loss: 3.0763, lr: 0.000345, 33.90s
2026-04-15 18:25:29,637 - INFO - epoch complete!
2026-04-15 18:25:29,638 - INFO - evaluating now!
2026-04-15 18:25:30,699 - INFO - Epoch [78/300] train_loss: 2.8493, val_loss: 3.0805, lr: 0.000297, 33.40s
2026-04-15 18:26:03,072 - INFO - epoch complete!
2026-04-15 18:26:03,073 - INFO - evaluating now!
2026-04-15 18:26:04,160 - INFO - Epoch [79/300] train_loss: 2.8452, val_loss: 3.0871, lr: 0.000250, 33.46s
2026-04-15 18:26:36,825 - INFO - epoch complete!
2026-04-15 18:26:36,825 - INFO - evaluating now!
2026-04-15 18:26:37,967 - INFO - Epoch [80/300] train_loss: 2.8385, val_loss: 3.0842, lr: 0.000206, 33.81s
2026-04-15 18:27:10,799 - INFO - epoch complete!
2026-04-15 18:27:10,799 - INFO - evaluating now!
2026-04-15 18:27:12,113 - INFO - Epoch [81/300] train_loss: 2.8342, val_loss: 3.0657, lr: 0.000165, 34.15s
2026-04-15 18:27:44,473 - INFO - epoch complete!
2026-04-15 18:27:44,473 - INFO - evaluating now!
2026-04-15 18:27:45,533 - INFO - Epoch [82/300] train_loss: 2.8281, val_loss: 3.0663, lr: 0.000128, 33.42s
2026-04-15 18:28:17,827 - INFO - epoch complete!
2026-04-15 18:28:17,827 - INFO - evaluating now!
2026-04-15 18:28:18,891 - INFO - Epoch [83/300] train_loss: 2.8244, val_loss: 3.0706, lr: 0.000095, 33.36s
2026-04-15 18:28:51,233 - INFO - epoch complete!
2026-04-15 18:28:51,233 - INFO - evaluating now!
2026-04-15 18:28:52,543 - INFO - Epoch [84/300] train_loss: 2.8209, val_loss: 3.0586, lr: 0.000067, 33.65s
2026-04-15 18:28:52,562 - INFO - Saved model at 84
2026-04-15 18:28:52,562 - INFO - Val loss decrease from 3.0642 to 3.0586, saving to ./libcity/cache/W001/model_cache/MCSTWeather_METR_LA_epoch84.tar
2026-04-15 18:29:25,182 - INFO - epoch complete!
2026-04-15 18:29:25,183 - INFO - evaluating now!
2026-04-15 18:29:26,255 - INFO - Epoch [85/300] train_loss: 2.8184, val_loss: 3.0551, lr: 0.000043, 33.69s
2026-04-15 18:29:26,273 - INFO - Saved model at 85
2026-04-15 18:29:26,273 - INFO - Val loss decrease from 3.0586 to 3.0551, saving to ./libcity/cache/W001/model_cache/MCSTWeather_METR_LA_epoch85.tar
2026-04-15 18:29:58,657 - INFO - epoch complete!
2026-04-15 18:29:58,658 - INFO - evaluating now!
2026-04-15 18:29:59,704 - INFO - Epoch [86/300] train_loss: 2.8159, val_loss: 3.0662, lr: 0.000024, 33.43s
2026-04-15 18:30:32,259 - INFO - epoch complete!
2026-04-15 18:30:32,259 - INFO - evaluating now!
2026-04-15 18:30:33,542 - INFO - Epoch [87/300] train_loss: 2.8141, val_loss: 3.0633, lr: 0.000011, 33.84s
2026-04-15 18:31:05,670 - INFO - epoch complete!
2026-04-15 18:31:05,670 - INFO - evaluating now!
2026-04-15 18:31:06,720 - INFO - Epoch [88/300] train_loss: 2.8132, val_loss: 3.0626, lr: 0.000003, 33.18s
2026-04-15 18:31:38,862 - INFO - epoch complete!
2026-04-15 18:31:38,862 - INFO - evaluating now!
2026-04-15 18:31:39,906 - INFO - Epoch [89/300] train_loss: 2.8122, val_loss: 3.0632, lr: 0.000000, 33.19s
2026-04-15 18:32:12,397 - INFO - epoch complete!
2026-04-15 18:32:12,397 - INFO - evaluating now!
2026-04-15 18:32:13,440 - INFO - Epoch [90/300] train_loss: 2.8119, val_loss: 3.0632, lr: 0.000003, 33.53s
2026-04-15 18:32:45,730 - INFO - epoch complete!
2026-04-15 18:32:45,730 - INFO - evaluating now!
2026-04-15 18:32:46,776 - INFO - Epoch [91/300] train_loss: 2.8114, val_loss: 3.0630, lr: 0.000011, 33.34s
2026-04-15 18:33:19,339 - INFO - epoch complete!
2026-04-15 18:33:19,339 - INFO - evaluating now!
2026-04-15 18:33:20,404 - INFO - Epoch [92/300] train_loss: 2.8121, val_loss: 3.0639, lr: 0.000024, 33.63s
2026-04-15 18:33:52,581 - INFO - epoch complete!
2026-04-15 18:33:52,582 - INFO - evaluating now!
2026-04-15 18:33:53,643 - INFO - Epoch [93/300] train_loss: 2.8142, val_loss: 3.0653, lr: 0.000043, 33.24s
2026-04-15 18:34:25,749 - INFO - epoch complete!
2026-04-15 18:34:25,749 - INFO - evaluating now!
2026-04-15 18:34:26,795 - INFO - Epoch [94/300] train_loss: 2.8146, val_loss: 3.0626, lr: 0.000067, 33.15s
2026-04-15 18:34:59,391 - INFO - epoch complete!
2026-04-15 18:34:59,391 - INFO - evaluating now!
2026-04-15 18:35:00,475 - INFO - Epoch [95/300] train_loss: 2.8161, val_loss: 3.0646, lr: 0.000095, 33.68s
2026-04-15 18:35:32,885 - INFO - epoch complete!
2026-04-15 18:35:32,885 - INFO - evaluating now!
2026-04-15 18:35:34,126 - INFO - Epoch [96/300] train_loss: 2.8168, val_loss: 3.0664, lr: 0.000128, 33.65s
2026-04-15 18:36:06,533 - INFO - epoch complete!
2026-04-15 18:36:06,534 - INFO - evaluating now!
2026-04-15 18:36:07,589 - INFO - Epoch [97/300] train_loss: 2.8188, val_loss: 3.0743, lr: 0.000165, 33.46s
2026-04-15 18:36:39,937 - INFO - epoch complete!
2026-04-15 18:36:39,937 - INFO - evaluating now!
2026-04-15 18:36:41,025 - INFO - Epoch [98/300] train_loss: 2.8192, val_loss: 3.0787, lr: 0.000206, 33.43s
2026-04-15 18:37:13,308 - INFO - epoch complete!
2026-04-15 18:37:13,309 - INFO - evaluating now!
2026-04-15 18:37:14,578 - INFO - Epoch [99/300] train_loss: 2.8226, val_loss: 3.0742, lr: 0.000250, 33.55s
2026-04-15 18:37:47,129 - INFO - epoch complete!
2026-04-15 18:37:47,129 - INFO - evaluating now!
2026-04-15 18:37:48,203 - INFO - Epoch [100/300] train_loss: 2.8233, val_loss: 3.0647, lr: 0.000297, 33.62s
2026-04-15 18:38:20,877 - INFO - epoch complete!
2026-04-15 18:38:20,878 - INFO - evaluating now!
2026-04-15 18:38:21,941 - INFO - Epoch [101/300] train_loss: 2.8269, val_loss: 3.0577, lr: 0.000345, 33.74s
2026-04-15 18:38:54,470 - INFO - epoch complete!
2026-04-15 18:38:54,470 - INFO - evaluating now!
2026-04-15 18:38:55,532 - INFO - Epoch [102/300] train_loss: 2.8271, val_loss: 3.0711, lr: 0.000396, 33.59s
2026-04-15 18:39:27,845 - INFO - epoch complete!
2026-04-15 18:39:27,845 - INFO - evaluating now!
2026-04-15 18:39:28,935 - INFO - Epoch [103/300] train_loss: 2.8281, val_loss: 3.0855, lr: 0.000448, 33.40s
2026-04-15 18:40:01,574 - INFO - epoch complete!
2026-04-15 18:40:01,575 - INFO - evaluating now!
2026-04-15 18:40:02,655 - INFO - Epoch [104/300] train_loss: 2.8277, val_loss: 3.0759, lr: 0.000500, 33.72s
2026-04-15 18:40:35,348 - INFO - epoch complete!
2026-04-15 18:40:35,348 - INFO - evaluating now!
2026-04-15 18:40:36,428 - INFO - Epoch [105/300] train_loss: 2.8291, val_loss: 3.0623, lr: 0.000552, 33.77s
2026-04-15 18:41:09,186 - INFO - epoch complete!
2026-04-15 18:41:09,186 - INFO - evaluating now!
2026-04-15 18:41:10,288 - INFO - Epoch [106/300] train_loss: 2.8348, val_loss: 3.0804, lr: 0.000604, 33.86s
2026-04-15 18:41:42,869 - INFO - epoch complete!
2026-04-15 18:41:42,869 - INFO - evaluating now!
2026-04-15 18:41:43,960 - INFO - Epoch [107/300] train_loss: 2.8368, val_loss: 3.1315, lr: 0.000655, 33.67s
2026-04-15 18:42:16,348 - INFO - epoch complete!
2026-04-15 18:42:16,348 - INFO - evaluating now!
2026-04-15 18:42:17,412 - INFO - Epoch [108/300] train_loss: 2.8455, val_loss: 3.1454, lr: 0.000703, 33.45s
2026-04-15 18:42:50,029 - INFO - epoch complete!
2026-04-15 18:42:50,029 - INFO - evaluating now!
2026-04-15 18:42:51,086 - INFO - Epoch [109/300] train_loss: 2.8482, val_loss: 3.0693, lr: 0.000750, 33.67s
2026-04-15 18:43:23,617 - INFO - epoch complete!
2026-04-15 18:43:23,617 - INFO - evaluating now!
2026-04-15 18:43:24,690 - INFO - Epoch [110/300] train_loss: 2.8395, val_loss: 3.0610, lr: 0.000794, 33.60s
2026-04-15 18:43:57,380 - INFO - epoch complete!
2026-04-15 18:43:57,380 - INFO - evaluating now!
2026-04-15 18:43:58,457 - INFO - Epoch [111/300] train_loss: 2.8311, val_loss: 3.0715, lr: 0.000835, 33.77s
2026-04-15 18:44:30,910 - INFO - epoch complete!
2026-04-15 18:44:30,911 - INFO - evaluating now!
2026-04-15 18:44:31,972 - INFO - Epoch [112/300] train_loss: 2.8418, val_loss: 3.1745, lr: 0.000872, 33.52s
2026-04-15 18:45:04,335 - INFO - epoch complete!
2026-04-15 18:45:04,335 - INFO - evaluating now!
2026-04-15 18:45:05,388 - INFO - Epoch [113/300] train_loss: 2.8395, val_loss: 3.0687, lr: 0.000905, 33.41s
2026-04-15 18:45:38,012 - INFO - epoch complete!
2026-04-15 18:45:38,012 - INFO - evaluating now!
2026-04-15 18:45:39,068 - INFO - Epoch [114/300] train_loss: 2.8386, val_loss: 3.1111, lr: 0.000933, 33.68s
2026-04-15 18:46:11,569 - INFO - epoch complete!
2026-04-15 18:46:11,570 - INFO - evaluating now!
2026-04-15 18:46:12,623 - INFO - Epoch [115/300] train_loss: 2.8469, val_loss: 3.1085, lr: 0.000957, 33.55s
2026-04-15 18:46:12,623 - WARNING - Early stopping at epoch: 115
2026-04-15 18:46:12,623 - INFO - Trained totally 116 epochs, average train time is 33.581s, average eval time is 1.251s
2026-04-15 18:46:12,623 - INFO - Training ended. Best epoch: 85, min val loss: 3.0551
2026-04-15 18:46:12,645 - INFO - 已恢复梯度缩放器状态
2026-04-15 18:46:12,646 - INFO - 已恢复学习率调度器状态 (当前学习率: 0.000043)
2026-04-15 18:46:12,646 - INFO - 已恢复最佳epoch记录: 85
2026-04-15 18:46:12,646 - INFO - 已恢复最小验证损失: 3.0551
2026-04-15 18:46:12,646 - INFO - 已恢复early stopping等待计数: 0
2026-04-15 18:46:12,646 - INFO - Loaded model at 85
2026-04-15 18:46:12,646 - INFO - Saved model at ./libcity/cache/W001/model_cache/MCSTWeather_METR_LA.m
2026-04-15 18:46:12,663 - INFO - Start evaluating ...
2026-04-15 18:46:13,532 - INFO - Saved visualizations for batch 0
2026-04-15 18:46:21,329 - INFO - Saved visualizations for batch 10
2026-04-15 18:46:29,361 - INFO - Saved visualizations for batch 20
2026-04-15 18:46:37,247 - INFO - Saved visualizations for batch 30
2026-04-15 18:46:45,338 - INFO - Saved visualizations for batch 40
2026-04-15 18:46:53,163 - INFO - Saved visualizations for batch 50
2026-04-15 18:47:00,289 - INFO - Saved predictions to ./libcity/cache/W001/evaluate_cache/2026_04_15_18_46_55_MCSTWeather_METR_LA_predictions.npz
2026-04-15 18:47:00,298 - ERROR - Failed to calculate or save evaluation metrics: Could not infer dtype of numpy.float32
2026-04-15 18:47:00,299 - INFO - Copied log file to cache: ./libcity/cache/W001/logs/W001-MCSTWeather-METR_LA-Apr-15-2026_17-36-55.log
2026-04-15 18:47:00,300 - INFO - Created training summary: ./libcity/cache/W001/logs/training_summary.txt
2026-04-15 18:47:01,248 - INFO - Generated visualization: ./libcity/cache/W001/logs/loss_curve.png
2026-04-15 18:47:01,248 - INFO - Generated visualization: ./libcity/cache/W001/logs/loss_curve_log_scale.png
