2026-04-12 01:46:56,677 - INFO - Log directory: ./libcity/log
2026-04-12 01:46:56,677 - INFO - Begin pipeline, task=traffic_state_pred, model_name=MCSTWeather, dataset_name=METR_LA, exp_id=W001, epoch=0
2026-04-12 01:46:56,677 - INFO - {'task': 'traffic_state_pred', 'model': 'MCSTWeather', 'dataset': 'METR_LA', 'saved_model': True, 'train': True, 'exp_id': 'W001', 'seed': 0, 'dataset_class': 'TrafficStatePointDataset', 'executor': 'TrafficStateExecutorOptimized', 'evaluator': 'TrafficStateEvaluator', 'input_window': 12, 'output_window': 12, 'input_embedding_dim': 24, 'tod_embedding_dim': 24, 'dow_embedding_dim': 24, 'spatial_embedding_dim': 16, 'adaptive_embedding_dim': 80, 'd_model': 96, 'd_state': 32, 'd_conv': 4, 'expand': 2, 'dropout': 0.1, 'weather_embed_dim': 64, 'use_weather': True, 'weather_file': None, 'add_time_in_day': True, 'add_day_in_week': False, 'steps_per_day': 288, 'max_epoch': 100, 'batch_size': 16, 'learning_rate': 0.001, 'optimizer': 'adam', 'lr_scheduler': 'multisteplr', 'lr_decay_ratio': 0.1, 'steps': [30, 50, 70], 'patience': 50, 'use_early_stop': False, 'scaler': 'standard', 'load_external': True, 'normal_external': False, 'ext_scaler': 'none', 'cache_dataset': True, 'num_workers': 0, 'pad_with_last_sample': True, 'train_rate': 0.7, 'eval_rate': 0.1, 'robustness_test': False, 'noise_type': 'gaussian', 'disturb_rate': 0.5, 'noise_mean': [5], 'noise_SD': [10], 'gpu': True, 'gpu_id': 0, 'train_loss': 'none', 'epoch': 0, 'learner': 'adam', 'weight_decay': 0.0001, 'lr_epsilon': 1e-08, 'lr_beta1': 0.9, 'lr_beta2': 0.999, 'lr_alpha': 0.99, 'lr_momentum': 0, 'lr_decay': True, 'step_size': 10, 'lr_T_max': 30, 'lr_eta_min': 0, 'lr_patience': 5, 'lr_threshold': 0.0001, 'clip_grad_norm': True, 'max_grad_norm': 5.0, 'log_level': 'INFO', 'log_every': 1, 'load_best_epoch': True, 'hyper_tune': False, 'fp16': True, 'gradient_accumulation_steps': 2, 'metrics': ['MAE', 'MAPE', 'MSE', 'RMSE', 'masked_MAE', 'masked_MAPE', 'masked_MSE', 'masked_RMSE', 'R2', 'EVAR'], 'evaluator_mode': 'single', 'save_mode': ['csv'], 'geo': {'including_types': ['Point'], 'Point': {}}, 'rel': {'including_types': ['geo'], 'geo': {'cost': 'num'}}, 'dyna': {'including_types': ['state'], 'state': {'entity_id': 'geo_id', 'traffic_speed': 'num'}}, 'data_col': ['traffic_speed'], 'weight_col': 'cost', 'data_files': ['METR_LA'], 'geo_file': 'METR_LA', 'rel_file': 'METR_LA', 'output_dim': 1, 'time_intervals': 300, 'init_weight_inf_or_zero': 'inf', 'set_weight_link_or_dist': 'dist', 'calculate_weight_adj': True, 'weight_adj_epsilon': 0.1, 'device': device(type='cuda', index=0)}
2026-04-12 01:46:57,003 - INFO - Loaded file METR_LA.geo, num_nodes=207
2026-04-12 01:46:57,009 - INFO - set_weight_link_or_dist: dist
2026-04-12 01:46:57,009 - INFO - init_weight_inf_or_zero: inf
2026-04-12 01:46:57,024 - INFO - Loaded file METR_LA.rel, shape=(207, 207)
2026-04-12 01:46:57,024 - INFO - Start Calculate the weight by Gauss kernel!
2026-04-12 01:46:57,025 - INFO - Loading ./libcity/cache/dataset_cache/point_based_METR_LA_12_12_0.7_0.1_standard_16_True_True_False_True.npz
2026-04-12 01:47:03,689 - INFO - train	x: (23974, 12, 207, 2), y: (23974, 12, 207, 2)
2026-04-12 01:47:03,689 - INFO - eval	x: (3425, 12, 207, 2), y: (3425, 12, 207, 2)
2026-04-12 01:47:03,689 - INFO - test	x: (6850, 12, 207, 2), y: (6850, 12, 207, 2)
2026-04-12 01:47:04,083 - INFO - StandardScaler mean: 54.40592829587626, std: 19.493739270573094
2026-04-12 01:47:04,083 - INFO - NoneScaler
2026-04-12 01:47:08,464 - INFO - Weather data loaded from ./raw_data/METR_LA/weather.csv
2026-04-12 01:47:08,464 - INFO - Weather features: ['temp_range', 'temp_avg', 'apparent_temp_diff', 'humidity_level', 'humidity_change', 'humidity_range', 'wind_gust_ratio', 'wind_avg', 'wind_speed', 'pressure_diff', 'pressure_change', 'pressure_level', 'has_precipitation', 'precipitation_level', 'wind_dir_sin', 'wind_dir_cos', 'weather_phenomena_count', 'has_severe_weather', 'hour', 'hour_sin', 'hour_cos']
2026-04-12 01:47:08,465 - INFO - Building MCSTWeather model with weather integration
2026-04-12 01:47:08,600 - INFO - MCSTWeather model initialized with weather_embed_dim=64
2026-04-12 01:47:08,946 - INFO - MCSTWeather(
  (input_proj): Linear(in_features=2, out_features=24, bias=True)
  (tod_embedding): Embedding(288, 24)
  (mamba_input_proj): Linear(in_features=144, out_features=96, bias=True)
  (weather_feature_proj): Sequential(
    (0): Linear(in_features=21, out_features=128, bias=True)
    (1): ReLU()
    (2): Dropout(p=0.1, inplace=False)
    (3): Linear(in_features=128, out_features=64, bias=True)
  )
  (weather_spatial_expand): Linear(in_features=64, out_features=64, bias=True)
  (temporal_block): SimpleMambaWeatherBlock(
    (layer_norm): LayerNorm((96,), eps=1e-05, elementwise_affine=True)
    (mamba_weather): MambaWeather(
      (in_proj): Linear(in_features=96, out_features=384, bias=False)
      (conv1d): Conv1d(192, 192, kernel_size=(4,), stride=(1,), padding=(3,), groups=192)
      (act): SiLU()
      (x_proj): Linear(in_features=256, out_features=70, bias=False)
      (dt_proj): Linear(in_features=6, out_features=192, bias=True)
      (out_proj): Linear(in_features=192, out_features=96, bias=False)
      (weather_proj): Linear(in_features=64, out_features=64, bias=True)
    )
    (dropout): Dropout(p=0.1, inplace=False)
    (feed_forward): Sequential(
      (0): Linear(in_features=96, out_features=384, bias=True)
      (1): GELU(approximate='none')
      (2): Dropout(p=0.1, inplace=False)
      (3): Linear(in_features=384, out_features=96, bias=True)
    )
    (ff_norm): LayerNorm((96,), eps=1e-05, elementwise_affine=True)
    (ff_dropout): Dropout(p=0.1, inplace=False)
  )
  (spatial_block): SimpleMambaWeatherBlock(
    (layer_norm): LayerNorm((96,), eps=1e-05, elementwise_affine=True)
    (mamba_weather): MambaWeather(
      (in_proj): Linear(in_features=96, out_features=384, bias=False)
      (conv1d): Conv1d(192, 192, kernel_size=(4,), stride=(1,), padding=(3,), groups=192)
      (act): SiLU()
      (x_proj): Linear(in_features=256, out_features=70, bias=False)
      (dt_proj): Linear(in_features=6, out_features=192, bias=True)
      (out_proj): Linear(in_features=192, out_features=96, bias=False)
      (weather_proj): Linear(in_features=64, out_features=64, bias=True)
    )
    (dropout): Dropout(p=0.1, inplace=False)
    (feed_forward): Sequential(
      (0): Linear(in_features=96, out_features=384, bias=True)
      (1): GELU(approximate='none')
      (2): Dropout(p=0.1, inplace=False)
      (3): Linear(in_features=384, out_features=96, bias=True)
    )
    (ff_norm): LayerNorm((96,), eps=1e-05, elementwise_affine=True)
    (ff_dropout): Dropout(p=0.1, inplace=False)
  )
  (output_proj): Linear(in_features=96, out_features=1, bias=True)
  (final_layer_norm): LayerNorm((96,), eps=1e-05, elementwise_affine=True)
)
2026-04-12 01:47:08,947 - INFO - spatial_embedding	torch.Size([207, 16])	cuda:0	True
2026-04-12 01:47:08,947 - INFO - adaptive_embedding	torch.Size([12, 207, 80])	cuda:0	True
2026-04-12 01:47:08,947 - INFO - combine_weights	torch.Size([2, 96])	cuda:0	True
2026-04-12 01:47:08,947 - INFO - input_proj.weight	torch.Size([24, 2])	cuda:0	True
2026-04-12 01:47:08,947 - INFO - input_proj.bias	torch.Size([24])	cuda:0	True
2026-04-12 01:47:08,947 - INFO - tod_embedding.weight	torch.Size([288, 24])	cuda:0	True
2026-04-12 01:47:08,947 - INFO - mamba_input_proj.weight	torch.Size([96, 144])	cuda:0	True
2026-04-12 01:47:08,947 - INFO - mamba_input_proj.bias	torch.Size([96])	cuda:0	True
2026-04-12 01:47:08,947 - INFO - weather_feature_proj.0.weight	torch.Size([128, 21])	cuda:0	True
2026-04-12 01:47:08,947 - INFO - weather_feature_proj.0.bias	torch.Size([128])	cuda:0	True
2026-04-12 01:47:08,947 - INFO - weather_feature_proj.3.weight	torch.Size([64, 128])	cuda:0	True
2026-04-12 01:47:08,947 - INFO - weather_feature_proj.3.bias	torch.Size([64])	cuda:0	True
2026-04-12 01:47:08,947 - INFO - weather_spatial_expand.weight	torch.Size([64, 64])	cuda:0	True
2026-04-12 01:47:08,947 - INFO - weather_spatial_expand.bias	torch.Size([64])	cuda:0	True
2026-04-12 01:47:08,947 - INFO - temporal_block.layer_norm.weight	torch.Size([96])	cuda:0	True
2026-04-12 01:47:08,947 - INFO - temporal_block.layer_norm.bias	torch.Size([96])	cuda:0	True
2026-04-12 01:47:08,947 - INFO - temporal_block.mamba_weather.A_log	torch.Size([192, 32])	cuda:0	True
2026-04-12 01:47:08,947 - INFO - temporal_block.mamba_weather.D	torch.Size([192])	cuda:0	True
2026-04-12 01:47:08,947 - INFO - temporal_block.mamba_weather.in_proj.weight	torch.Size([384, 96])	cuda:0	True
2026-04-12 01:47:08,947 - INFO - temporal_block.mamba_weather.conv1d.weight	torch.Size([192, 1, 4])	cuda:0	True
2026-04-12 01:47:08,947 - INFO - temporal_block.mamba_weather.conv1d.bias	torch.Size([192])	cuda:0	True
2026-04-12 01:47:08,947 - INFO - temporal_block.mamba_weather.x_proj.weight	torch.Size([70, 256])	cuda:0	True
2026-04-12 01:47:08,948 - INFO - temporal_block.mamba_weather.dt_proj.weight	torch.Size([192, 6])	cuda:0	True
2026-04-12 01:47:08,948 - INFO - temporal_block.mamba_weather.dt_proj.bias	torch.Size([192])	cuda:0	True
2026-04-12 01:47:08,948 - INFO - temporal_block.mamba_weather.out_proj.weight	torch.Size([96, 192])	cuda:0	True
2026-04-12 01:47:08,948 - INFO - temporal_block.mamba_weather.weather_proj.weight	torch.Size([64, 64])	cuda:0	True
2026-04-12 01:47:08,948 - INFO - temporal_block.mamba_weather.weather_proj.bias	torch.Size([64])	cuda:0	True
2026-04-12 01:47:08,948 - INFO - temporal_block.feed_forward.0.weight	torch.Size([384, 96])	cuda:0	True
2026-04-12 01:47:08,948 - INFO - temporal_block.feed_forward.0.bias	torch.Size([384])	cuda:0	True
2026-04-12 01:47:08,948 - INFO - temporal_block.feed_forward.3.weight	torch.Size([96, 384])	cuda:0	True
2026-04-12 01:47:08,948 - INFO - temporal_block.feed_forward.3.bias	torch.Size([96])	cuda:0	True
2026-04-12 01:47:08,948 - INFO - temporal_block.ff_norm.weight	torch.Size([96])	cuda:0	True
2026-04-12 01:47:08,948 - INFO - temporal_block.ff_norm.bias	torch.Size([96])	cuda:0	True
2026-04-12 01:47:08,948 - INFO - spatial_block.layer_norm.weight	torch.Size([96])	cuda:0	True
2026-04-12 01:47:08,948 - INFO - spatial_block.layer_norm.bias	torch.Size([96])	cuda:0	True
2026-04-12 01:47:08,948 - INFO - spatial_block.mamba_weather.A_log	torch.Size([192, 32])	cuda:0	True
2026-04-12 01:47:08,948 - INFO - spatial_block.mamba_weather.D	torch.Size([192])	cuda:0	True
2026-04-12 01:47:08,948 - INFO - spatial_block.mamba_weather.in_proj.weight	torch.Size([384, 96])	cuda:0	True
2026-04-12 01:47:08,948 - INFO - spatial_block.mamba_weather.conv1d.weight	torch.Size([192, 1, 4])	cuda:0	True
2026-04-12 01:47:08,948 - INFO - spatial_block.mamba_weather.conv1d.bias	torch.Size([192])	cuda:0	True
2026-04-12 01:47:08,948 - INFO - spatial_block.mamba_weather.x_proj.weight	torch.Size([70, 256])	cuda:0	True
2026-04-12 01:47:08,948 - INFO - spatial_block.mamba_weather.dt_proj.weight	torch.Size([192, 6])	cuda:0	True
2026-04-12 01:47:08,948 - INFO - spatial_block.mamba_weather.dt_proj.bias	torch.Size([192])	cuda:0	True
2026-04-12 01:47:08,948 - INFO - spatial_block.mamba_weather.out_proj.weight	torch.Size([96, 192])	cuda:0	True
2026-04-12 01:47:08,949 - INFO - spatial_block.mamba_weather.weather_proj.weight	torch.Size([64, 64])	cuda:0	True
2026-04-12 01:47:08,949 - INFO - spatial_block.mamba_weather.weather_proj.bias	torch.Size([64])	cuda:0	True
2026-04-12 01:47:08,949 - INFO - spatial_block.feed_forward.0.weight	torch.Size([384, 96])	cuda:0	True
2026-04-12 01:47:08,949 - INFO - spatial_block.feed_forward.0.bias	torch.Size([384])	cuda:0	True
2026-04-12 01:47:08,949 - INFO - spatial_block.feed_forward.3.weight	torch.Size([96, 384])	cuda:0	True
2026-04-12 01:47:08,949 - INFO - spatial_block.feed_forward.3.bias	torch.Size([96])	cuda:0	True
2026-04-12 01:47:08,949 - INFO - spatial_block.ff_norm.weight	torch.Size([96])	cuda:0	True
2026-04-12 01:47:08,949 - INFO - spatial_block.ff_norm.bias	torch.Size([96])	cuda:0	True
2026-04-12 01:47:08,949 - INFO - output_proj.weight	torch.Size([1, 96])	cuda:0	True
2026-04-12 01:47:08,949 - INFO - output_proj.bias	torch.Size([1])	cuda:0	True
2026-04-12 01:47:08,949 - INFO - final_layer_norm.weight	torch.Size([96])	cuda:0	True
2026-04-12 01:47:08,949 - INFO - final_layer_norm.bias	torch.Size([96])	cuda:0	True
2026-04-12 01:47:08,949 - INFO - Total parameter numbers: 559865
2026-04-12 01:47:08,949 - INFO - You select `adam` optimizer.
2026-04-12 01:47:08,949 - INFO - You select `multisteplr` lr_scheduler.
2026-04-12 01:47:08,950 - WARNING - Received none train loss func and will use the loss func defined in the model.
2026-04-12 01:47:08,950 - INFO - Gradient accumulation steps: 2
2026-04-12 01:47:08,950 - INFO - FP16 mixed precision training: True
2026-04-12 01:47:08,950 - INFO - Using torch.cuda.amp.GradScaler for FP16 training
2026-04-12 01:47:08,950 - INFO - Enabled cuDNN benchmark mode
2026-04-12 01:47:08,950 - INFO - Enabled TF32 for faster training on Ampere GPUs
2026-04-12 01:47:08,950 - INFO - Executor 已初始化 GPU 数据预加载功能（PEMSD4 专用）
2026-04-12 01:47:08,950 - INFO - Start training ...
2026-04-12 01:47:08,950 - INFO - num_batches:1499
2026-04-12 01:47:08,951 - INFO - 数据集较小，正在预加载 train 数据到 GPU 显存...
2026-04-12 01:47:09,718 - INFO -   已预加载 10 batches...
2026-04-12 01:47:10,490 - INFO -   已预加载 20 batches...
2026-04-12 01:47:11,272 - INFO -   已预加载 30 batches...
2026-04-12 01:47:12,089 - INFO -   已预加载 40 batches...
2026-04-12 01:47:12,875 - INFO -   已预加载 50 batches...
2026-04-12 01:47:13,660 - INFO -   已预加载 60 batches...
2026-04-12 01:47:14,465 - INFO -   已预加载 70 batches...
2026-04-12 01:47:15,275 - INFO -   已预加载 80 batches...
2026-04-12 01:47:16,059 - INFO -   已预加载 90 batches...
2026-04-12 01:47:16,841 - INFO -   已预加载 100 batches...
2026-04-12 01:47:17,639 - INFO -   已预加载 110 batches...
2026-04-12 01:47:18,441 - INFO -   已预加载 120 batches...
2026-04-12 01:47:19,244 - INFO -   已预加载 130 batches...
2026-04-12 01:47:20,056 - INFO -   已预加载 140 batches...
2026-04-12 01:47:20,865 - INFO -   已预加载 150 batches...
2026-04-12 01:47:21,682 - INFO -   已预加载 160 batches...
2026-04-12 01:47:22,498 - INFO -   已预加载 170 batches...
2026-04-12 01:47:23,311 - INFO -   已预加载 180 batches...
2026-04-12 01:47:24,128 - INFO -   已预加载 190 batches...
2026-04-12 01:47:24,935 - INFO -   已预加载 200 batches...
2026-04-12 01:47:25,742 - INFO -   已预加载 210 batches...
2026-04-12 01:47:26,541 - INFO -   已预加载 220 batches...
2026-04-12 01:47:27,345 - INFO -   已预加载 230 batches...
2026-04-12 01:47:28,143 - INFO -   已预加载 240 batches...
2026-04-12 01:47:28,934 - INFO -   已预加载 250 batches...
2026-04-12 01:47:29,733 - INFO -   已预加载 260 batches...
2026-04-12 01:47:30,527 - INFO -   已预加载 270 batches...
2026-04-12 01:47:31,305 - INFO -   已预加载 280 batches...
2026-04-12 01:47:32,073 - INFO -   已预加载 290 batches...
2026-04-12 01:47:32,860 - INFO -   已预加载 300 batches...
2026-04-12 01:47:33,651 - INFO -   已预加载 310 batches...
2026-04-12 01:47:34,441 - INFO -   已预加载 320 batches...
2026-04-12 01:47:35,234 - INFO -   已预加载 330 batches...
2026-04-12 01:47:36,014 - INFO -   已预加载 340 batches...
2026-04-12 01:47:36,807 - INFO -   已预加载 350 batches...
2026-04-12 01:47:37,610 - INFO -   已预加载 360 batches...
2026-04-12 01:47:38,396 - INFO -   已预加载 370 batches...
2026-04-12 01:47:39,188 - INFO -   已预加载 380 batches...
2026-04-12 01:47:39,989 - INFO -   已预加载 390 batches...
2026-04-12 01:47:40,805 - INFO -   已预加载 400 batches...
2026-04-12 01:47:41,607 - INFO -   已预加载 410 batches...
2026-04-12 01:47:42,395 - INFO -   已预加载 420 batches...
2026-04-12 01:47:43,177 - INFO -   已预加载 430 batches...
2026-04-12 01:47:43,956 - INFO -   已预加载 440 batches...
2026-04-12 01:47:44,747 - INFO -   已预加载 450 batches...
2026-04-12 01:47:45,523 - INFO -   已预加载 460 batches...
2026-04-12 01:47:46,291 - INFO -   已预加载 470 batches...
2026-04-12 01:47:47,051 - INFO -   已预加载 480 batches...
2026-04-12 01:47:47,824 - INFO -   已预加载 490 batches...
2026-04-12 01:47:48,630 - INFO -   已预加载 500 batches...
2026-04-12 01:47:49,421 - INFO -   已预加载 510 batches...
2026-04-12 01:47:50,213 - INFO -   已预加载 520 batches...
2026-04-12 01:47:50,989 - INFO -   已预加载 530 batches...
2026-04-12 01:47:51,779 - INFO -   已预加载 540 batches...
2026-04-12 01:47:52,571 - INFO -   已预加载 550 batches...
2026-04-12 01:47:53,359 - INFO -   已预加载 560 batches...
2026-04-12 01:47:54,134 - INFO -   已预加载 570 batches...
2026-04-12 01:47:54,926 - INFO -   已预加载 580 batches...
2026-04-12 01:47:55,722 - INFO -   已预加载 590 batches...
2026-04-12 01:47:56,503 - INFO -   已预加载 600 batches...
2026-04-12 01:47:57,289 - INFO -   已预加载 610 batches...
2026-04-12 01:47:58,081 - INFO -   已预加载 620 batches...
2026-04-12 01:47:58,861 - INFO -   已预加载 630 batches...
2026-04-12 01:47:59,631 - INFO -   已预加载 640 batches...
2026-04-12 01:48:00,406 - INFO -   已预加载 650 batches...
2026-04-12 01:48:01,187 - INFO -   已预加载 660 batches...
2026-04-12 01:48:01,959 - INFO -   已预加载 670 batches...
2026-04-12 01:48:02,758 - INFO -   已预加载 680 batches...
2026-04-12 01:48:03,535 - INFO -   已预加载 690 batches...
2026-04-12 01:48:04,303 - INFO -   已预加载 700 batches...
2026-04-12 01:48:05,070 - INFO -   已预加载 710 batches...
2026-04-12 01:48:05,836 - INFO -   已预加载 720 batches...
2026-04-12 01:48:06,603 - INFO -   已预加载 730 batches...
2026-04-12 01:48:07,368 - INFO -   已预加载 740 batches...
2026-04-12 01:48:08,139 - INFO -   已预加载 750 batches...
2026-04-12 01:48:08,915 - INFO -   已预加载 760 batches...
2026-04-12 01:48:09,677 - INFO -   已预加载 770 batches...
2026-04-12 01:48:10,449 - INFO -   已预加载 780 batches...
2026-04-12 01:48:11,213 - INFO -   已预加载 790 batches...
2026-04-12 01:48:11,981 - INFO -   已预加载 800 batches...
2026-04-12 01:48:12,748 - INFO -   已预加载 810 batches...
2026-04-12 01:48:13,517 - INFO -   已预加载 820 batches...
2026-04-12 01:48:14,298 - INFO -   已预加载 830 batches...
2026-04-12 01:48:15,080 - INFO -   已预加载 840 batches...
2026-04-12 01:48:15,865 - INFO -   已预加载 850 batches...
2026-04-12 01:48:16,646 - INFO -   已预加载 860 batches...
2026-04-12 01:48:17,427 - INFO -   已预加载 870 batches...
2026-04-12 01:48:18,211 - INFO -   已预加载 880 batches...
2026-04-12 01:48:18,995 - INFO -   已预加载 890 batches...
2026-04-12 01:48:19,764 - INFO -   已预加载 900 batches...
2026-04-12 01:48:20,522 - INFO -   已预加载 910 batches...
2026-04-12 01:48:21,283 - INFO -   已预加载 920 batches...
2026-04-12 01:48:22,046 - INFO -   已预加载 930 batches...
2026-04-12 01:48:22,806 - INFO -   已预加载 940 batches...
2026-04-12 01:48:23,567 - INFO -   已预加载 950 batches...
2026-04-12 01:48:24,324 - INFO -   已预加载 960 batches...
2026-04-12 01:48:25,082 - INFO -   已预加载 970 batches...
2026-04-12 01:48:25,841 - INFO -   已预加载 980 batches...
2026-04-12 01:48:26,599 - INFO -   已预加载 990 batches...
2026-04-12 01:48:27,354 - INFO -   已预加载 1000 batches...
2026-04-12 01:48:28,104 - INFO -   已预加载 1010 batches...
2026-04-12 01:48:28,852 - INFO -   已预加载 1020 batches...
2026-04-12 01:48:29,601 - INFO -   已预加载 1030 batches...
2026-04-12 01:48:30,351 - INFO -   已预加载 1040 batches...
2026-04-12 01:48:31,100 - INFO -   已预加载 1050 batches...
2026-04-12 01:48:31,851 - INFO -   已预加载 1060 batches...
2026-04-12 01:48:32,599 - INFO -   已预加载 1070 batches...
2026-04-12 01:48:33,367 - INFO -   已预加载 1080 batches...
2026-04-12 01:48:34,151 - INFO -   已预加载 1090 batches...
2026-04-12 01:48:34,930 - INFO -   已预加载 1100 batches...
2026-04-12 01:48:35,727 - INFO -   已预加载 1110 batches...
2026-04-12 01:48:36,526 - INFO -   已预加载 1120 batches...
2026-04-12 01:48:37,313 - INFO -   已预加载 1130 batches...
2026-04-12 01:48:38,092 - INFO -   已预加载 1140 batches...
2026-04-12 01:48:38,866 - INFO -   已预加载 1150 batches...
2026-04-12 01:48:39,655 - INFO -   已预加载 1160 batches...
2026-04-12 01:48:40,445 - INFO -   已预加载 1170 batches...
2026-04-12 01:48:41,247 - INFO -   已预加载 1180 batches...
2026-04-12 01:48:42,053 - INFO -   已预加载 1190 batches...
2026-04-12 01:48:42,851 - INFO -   已预加载 1200 batches...
2026-04-12 01:48:43,639 - INFO -   已预加载 1210 batches...
2026-04-12 01:48:44,435 - INFO -   已预加载 1220 batches...
2026-04-12 01:48:45,220 - INFO -   已预加载 1230 batches...
2026-04-12 01:48:46,014 - INFO -   已预加载 1240 batches...
2026-04-12 01:48:46,811 - INFO -   已预加载 1250 batches...
2026-04-12 01:48:47,609 - INFO -   已预加载 1260 batches...
2026-04-12 01:48:48,407 - INFO -   已预加载 1270 batches...
2026-04-12 01:48:49,199 - INFO -   已预加载 1280 batches...
2026-04-12 01:48:49,989 - INFO -   已预加载 1290 batches...
2026-04-12 01:48:50,787 - INFO -   已预加载 1300 batches...
2026-04-12 01:48:51,591 - INFO -   已预加载 1310 batches...
2026-04-12 01:48:52,389 - INFO -   已预加载 1320 batches...
2026-04-12 01:48:53,181 - INFO -   已预加载 1330 batches...
2026-04-12 01:48:53,963 - INFO -   已预加载 1340 batches...
2026-04-12 01:48:54,769 - INFO -   已预加载 1350 batches...
2026-04-12 01:48:55,534 - INFO -   已预加载 1360 batches...
2026-04-12 01:48:56,286 - INFO -   已预加载 1370 batches...
2026-04-12 01:48:57,037 - INFO -   已预加载 1380 batches...
2026-04-12 01:48:57,790 - INFO -   已预加载 1390 batches...
2026-04-12 01:48:58,544 - INFO -   已预加载 1400 batches...
2026-04-12 01:48:59,297 - INFO -   已预加载 1410 batches...
2026-04-12 01:49:00,056 - INFO -   已预加载 1420 batches...
2026-04-12 01:49:00,822 - INFO -   已预加载 1430 batches...
2026-04-12 01:49:01,601 - INFO -   已预加载 1440 batches...
2026-04-12 01:49:02,377 - INFO -   已预加载 1450 batches...
2026-04-12 01:49:03,176 - INFO -   已预加载 1460 batches...
2026-04-12 01:49:03,984 - INFO -   已预加载 1470 batches...
2026-04-12 01:49:04,792 - INFO -   已预加载 1480 batches...
2026-04-12 01:49:05,596 - INFO -   已预加载 1490 batches...
2026-04-12 01:49:06,324 - INFO - 预加载完成: 1499 batches (117.37s)
2026-04-12 01:52:56,877 - INFO - epoch complete!
2026-04-12 01:52:56,877 - INFO - evaluating now!
2026-04-12 01:52:56,877 - INFO - 数据集较小，正在预加载 valid 数据到 GPU 显存...
2026-04-12 01:52:57,644 - INFO -   已预加载 10 batches...
2026-04-12 01:52:58,401 - INFO -   已预加载 20 batches...
2026-04-12 01:52:59,156 - INFO -   已预加载 30 batches...
2026-04-12 01:52:59,910 - INFO -   已预加载 40 batches...
2026-04-12 01:53:00,668 - INFO -   已预加载 50 batches...
2026-04-12 01:53:01,422 - INFO -   已预加载 60 batches...
2026-04-12 01:53:02,178 - INFO -   已预加载 70 batches...
2026-04-12 01:53:02,926 - INFO -   已预加载 80 batches...
2026-04-12 01:53:03,675 - INFO -   已预加载 90 batches...
2026-04-12 01:53:04,426 - INFO -   已预加载 100 batches...
2026-04-12 01:53:05,178 - INFO -   已预加载 110 batches...
2026-04-12 01:53:05,938 - INFO -   已预加载 120 batches...
2026-04-12 01:53:06,700 - INFO -   已预加载 130 batches...
2026-04-12 01:53:07,455 - INFO -   已预加载 140 batches...
2026-04-12 01:53:08,211 - INFO -   已预加载 150 batches...
2026-04-12 01:53:08,971 - INFO -   已预加载 160 batches...
2026-04-12 01:53:09,731 - INFO -   已预加载 170 batches...
2026-04-12 01:53:10,488 - INFO -   已预加载 180 batches...
2026-04-12 01:53:11,242 - INFO -   已预加载 190 batches...
2026-04-12 01:53:11,996 - INFO -   已预加载 200 batches...
2026-04-12 01:53:12,748 - INFO -   已预加载 210 batches...
2026-04-12 01:53:13,124 - INFO - 预加载完成: 215 batches (16.25s)
2026-04-12 01:53:24,029 - INFO - Epoch [0/100] train_loss: 4.7196, val_loss: 3.5733, lr: 0.001000, 375.08s
2026-04-12 01:53:24,046 - INFO - Saved model at 0
2026-04-12 01:53:24,046 - INFO - Val loss decrease from inf to 3.5733, saving to ./libcity/cache/W001/model_cache/MCSTWeather_METR_LA_epoch0.tar
